[1.784s] Invoking command in '/home/zyx/restaurant_ws/src/chef_pkg': PYTHONPATH=/home/zyx/restaurant_ws/build/chef_pkg/prefix_override:/usr/lib/python3/dist-packages/colcon_core/task/python/colcon_distutils_commands:/home/zyx/restaurant_ws/install/chef_pkg/lib/python3.10/site-packages:${PYTHONPATH} /usr/bin/python3 -W ignore:setup.py install is deprecated -W ignore:easy_install command is deprecated setup.py egg_info --egg-base ../../build/chef_pkg build --build-base /home/zyx/restaurant_ws/build/chef_pkg/build install --record /home/zyx/restaurant_ws/build/chef_pkg/install.log --single-version-externally-managed install_data
[2.395s] running egg_info
[2.395s] writing ../../build/chef_pkg/chef_pkg.egg-info/PKG-INFO
[2.395s] writing dependency_links to ../../build/chef_pkg/chef_pkg.egg-info/dependency_links.txt
[2.395s] writing entry points to ../../build/chef_pkg/chef_pkg.egg-info/entry_points.txt
[2.396s] writing requirements to ../../build/chef_pkg/chef_pkg.egg-info/requires.txt
[2.396s] writing top-level names to ../../build/chef_pkg/chef_pkg.egg-info/top_level.txt
[2.399s] reading manifest file '../../build/chef_pkg/chef_pkg.egg-info/SOURCES.txt'
[2.400s] adding license file 'LICENSE'
[2.402s] writing manifest file '../../build/chef_pkg/chef_pkg.egg-info/SOURCES.txt'
[2.402s] running build
[2.402s] running build_py
[2.402s] copying chef_pkg/chef_node.py -> /home/zyx/restaurant_ws/build/chef_pkg/build/lib/chef_pkg
[2.402s] running install
[2.402s] running install_lib
[2.402s] copying /home/zyx/restaurant_ws/build/chef_pkg/build/lib/chef_pkg/chef_node.py -> /home/zyx/restaurant_ws/install/chef_pkg/lib/python3.10/site-packages/chef_pkg
[2.402s] byte-compiling /home/zyx/restaurant_ws/install/chef_pkg/lib/python3.10/site-packages/chef_pkg/chef_node.py to chef_node.cpython-310.pyc
[2.403s] running install_data
[2.405s] running install_egg_info
[2.405s] removing '/home/zyx/restaurant_ws/install/chef_pkg/lib/python3.10/site-packages/chef_pkg-0.0.0-py3.10.egg-info' (and everything under it)
[2.407s] Copying ../../build/chef_pkg/chef_pkg.egg-info to /home/zyx/restaurant_ws/install/chef_pkg/lib/python3.10/site-packages/chef_pkg-0.0.0-py3.10.egg-info
[2.407s] running install_scripts
[2.437s] Installing chef_node script to /home/zyx/restaurant_ws/install/chef_pkg/lib/chef_pkg
[2.438s] writing list of installed files to '/home/zyx/restaurant_ws/build/chef_pkg/install.log'
[2.518s] Invoked command in '/home/zyx/restaurant_ws/src/chef_pkg' returned '0': PYTHONPATH=/home/zyx/restaurant_ws/build/chef_pkg/prefix_override:/usr/lib/python3/dist-packages/colcon_core/task/python/colcon_distutils_commands:/home/zyx/restaurant_ws/install/chef_pkg/lib/python3.10/site-packages:${PYTHONPATH} /usr/bin/python3 -W ignore:setup.py install is deprecated -W ignore:easy_install command is deprecated setup.py egg_info --egg-base ../../build/chef_pkg build --build-base /home/zyx/restaurant_ws/build/chef_pkg/build install --record /home/zyx/restaurant_ws/build/chef_pkg/install.log --single-version-externally-managed install_data
