[1.468s] Invoking command in '/home/zyx/restaurant_ws/src/waiter_pkg': PYTHONPATH=/home/zyx/restaurant_ws/build/waiter_pkg/prefix_override:/usr/lib/python3/dist-packages/colcon_core/task/python/colcon_distutils_commands:/home/zyx/restaurant_ws/install/waiter_pkg/lib/python3.10/site-packages:${PYTHONPATH} /usr/bin/python3 -W ignore:setup.py install is deprecated -W ignore:easy_install command is deprecated setup.py egg_info --egg-base ../../build/waiter_pkg build --build-base /home/zyx/restaurant_ws/build/waiter_pkg/build install --record /home/zyx/restaurant_ws/build/waiter_pkg/install.log --single-version-externally-managed install_data
[1.802s] running egg_info
[1.802s] writing ../../build/waiter_pkg/waiter_pkg.egg-info/PKG-INFO
[1.802s] writing dependency_links to ../../build/waiter_pkg/waiter_pkg.egg-info/dependency_links.txt
[1.802s] writing entry points to ../../build/waiter_pkg/waiter_pkg.egg-info/entry_points.txt
[1.803s] writing requirements to ../../build/waiter_pkg/waiter_pkg.egg-info/requires.txt
[1.804s] writing top-level names to ../../build/waiter_pkg/waiter_pkg.egg-info/top_level.txt
[1.806s] reading manifest file '../../build/waiter_pkg/waiter_pkg.egg-info/SOURCES.txt'
[1.806s] adding license file 'LICENSE'
[1.807s] writing manifest file '../../build/waiter_pkg/waiter_pkg.egg-info/SOURCES.txt'
[1.808s] running build
[1.808s] running build_py
[1.808s] copying waiter_pkg/waiter_node.py -> /home/zyx/restaurant_ws/build/waiter_pkg/build/lib/waiter_pkg
[1.809s] running install
[1.814s] running install_lib
[1.814s] copying /home/zyx/restaurant_ws/build/waiter_pkg/build/lib/waiter_pkg/waiter_node.py -> /home/zyx/restaurant_ws/install/waiter_pkg/lib/python3.10/site-packages/waiter_pkg
[1.814s] byte-compiling /home/zyx/restaurant_ws/install/waiter_pkg/lib/python3.10/site-packages/waiter_pkg/waiter_node.py to waiter_node.cpython-310.pyc
[1.815s] running install_data
[1.816s] running install_egg_info
[1.820s] removing '/home/zyx/restaurant_ws/install/waiter_pkg/lib/python3.10/site-packages/waiter_pkg-0.0.0-py3.10.egg-info' (and everything under it)
[1.820s] Copying ../../build/waiter_pkg/waiter_pkg.egg-info to /home/zyx/restaurant_ws/install/waiter_pkg/lib/python3.10/site-packages/waiter_pkg-0.0.0-py3.10.egg-info
[1.824s] running install_scripts
[1.888s] Installing waiter_node script to /home/zyx/restaurant_ws/install/waiter_pkg/lib/waiter_pkg
[1.888s] writing list of installed files to '/home/zyx/restaurant_ws/build/waiter_pkg/install.log'
[1.982s] Invoked command in '/home/zyx/restaurant_ws/src/waiter_pkg' returned '0': PYTHONPATH=/home/zyx/restaurant_ws/build/waiter_pkg/prefix_override:/usr/lib/python3/dist-packages/colcon_core/task/python/colcon_distutils_commands:/home/zyx/restaurant_ws/install/waiter_pkg/lib/python3.10/site-packages:${PYTHONPATH} /usr/bin/python3 -W ignore:setup.py install is deprecated -W ignore:easy_install command is deprecated setup.py egg_info --egg-base ../../build/waiter_pkg build --build-base /home/zyx/restaurant_ws/build/waiter_pkg/build install --record /home/zyx/restaurant_ws/build/waiter_pkg/install.log --single-version-externally-managed install_data
