running egg_info
writing ../../build/chef_pkg/chef_pkg.egg-info/PKG-INFO
writing dependency_links to ../../build/chef_pkg/chef_pkg.egg-info/dependency_links.txt
writing entry points to ../../build/chef_pkg/chef_pkg.egg-info/entry_points.txt
writing requirements to ../../build/chef_pkg/chef_pkg.egg-info/requires.txt
writing top-level names to ../../build/chef_pkg/chef_pkg.egg-info/top_level.txt
reading manifest file '../../build/chef_pkg/chef_pkg.egg-info/SOURCES.txt'
adding license file 'LICENSE'
writing manifest file '../../build/chef_pkg/chef_pkg.egg-info/SOURCES.txt'
running build
running build_py
running install
running install_lib
running install_data
running install_egg_info
removing '/home/zyx/restaurant_ws/install/chef_pkg/lib/python3.10/site-packages/chef_pkg-0.0.0-py3.10.egg-info' (and everything under it)
Copying ../../build/chef_pkg/chef_pkg.egg-info to /home/zyx/restaurant_ws/install/chef_pkg/lib/python3.10/site-packages/chef_pkg-0.0.0-py3.10.egg-info
running install_scripts
Installing chef_node script to /home/zyx/restaurant_ws/install/chef_pkg/lib/chef_pkg
writing list of installed files to '/home/zyx/restaurant_ws/build/chef_pkg/install.log'
