[2.470s] Invoking command in '/home/zyx/restaurant_ws/src/waiter_pkg': PYTHONPATH=/home/zyx/restaurant_ws/build/waiter_pkg/prefix_override:/usr/lib/python3/dist-packages/colcon_core/task/python/colcon_distutils_commands:/home/zyx/restaurant_ws/install/waiter_pkg/lib/python3.10/site-packages:${PYTHONPATH} /usr/bin/python3 -W ignore:setup.py install is deprecated -W ignore:easy_install command is deprecated setup.py egg_info --egg-base ../../build/waiter_pkg build --build-base /home/zyx/restaurant_ws/build/waiter_pkg/build install --record /home/zyx/restaurant_ws/build/waiter_pkg/install.log --single-version-externally-managed install_data
[2.789s] running egg_info
[2.790s] creating ../../build/waiter_pkg/waiter_pkg.egg-info
[2.791s] writing ../../build/waiter_pkg/waiter_pkg.egg-info/PKG-INFO
[2.792s] writing dependency_links to ../../build/waiter_pkg/waiter_pkg.egg-info/dependency_links.txt
[2.792s] writing entry points to ../../build/waiter_pkg/waiter_pkg.egg-info/entry_points.txt
[2.792s] writing requirements to ../../build/waiter_pkg/waiter_pkg.egg-info/requires.txt
[2.792s] writing top-level names to ../../build/waiter_pkg/waiter_pkg.egg-info/top_level.txt
[2.792s] writing manifest file '../../build/waiter_pkg/waiter_pkg.egg-info/SOURCES.txt'
[2.794s] reading manifest file '../../build/waiter_pkg/waiter_pkg.egg-info/SOURCES.txt'
[2.794s] adding license file 'LICENSE'
[2.794s] writing manifest file '../../build/waiter_pkg/waiter_pkg.egg-info/SOURCES.txt'
[2.794s] running build
[2.795s] running build_py
[2.795s] creating /home/zyx/restaurant_ws/build/waiter_pkg/build
[2.796s] creating /home/zyx/restaurant_ws/build/waiter_pkg/build/lib
[2.797s] creating /home/zyx/restaurant_ws/build/waiter_pkg/build/lib/waiter_pkg
[2.797s] copying waiter_pkg/__init__.py -> /home/zyx/restaurant_ws/build/waiter_pkg/build/lib/waiter_pkg
[2.797s] running install
[2.798s] running install_lib
[2.798s] creating /home/zyx/restaurant_ws/install/waiter_pkg/lib/python3.10/site-packages/waiter_pkg
[2.798s] copying /home/zyx/restaurant_ws/build/waiter_pkg/build/lib/waiter_pkg/__init__.py -> /home/zyx/restaurant_ws/install/waiter_pkg/lib/python3.10/site-packages/waiter_pkg
[2.802s] byte-compiling /home/zyx/restaurant_ws/install/waiter_pkg/lib/python3.10/site-packages/waiter_pkg/__init__.py to __init__.cpython-310.pyc
[2.802s] running install_data
[2.802s] creating /home/zyx/restaurant_ws/install/waiter_pkg/share/ament_index
[2.802s] creating /home/zyx/restaurant_ws/install/waiter_pkg/share/ament_index/resource_index
[2.802s] creating /home/zyx/restaurant_ws/install/waiter_pkg/share/ament_index/resource_index/packages
[2.802s] copying resource/waiter_pkg -> /home/zyx/restaurant_ws/install/waiter_pkg/share/ament_index/resource_index/packages
[2.802s] copying package.xml -> /home/zyx/restaurant_ws/install/waiter_pkg/share/waiter_pkg
[2.802s] running install_egg_info
[2.804s] Copying ../../build/waiter_pkg/waiter_pkg.egg-info to /home/zyx/restaurant_ws/install/waiter_pkg/lib/python3.10/site-packages/waiter_pkg-0.0.0-py3.10.egg-info
[2.804s] running install_scripts
[2.832s] writing list of installed files to '/home/zyx/restaurant_ws/build/waiter_pkg/install.log'
[2.891s] Invoked command in '/home/zyx/restaurant_ws/src/waiter_pkg' returned '0': PYTHONPATH=/home/zyx/restaurant_ws/build/waiter_pkg/prefix_override:/usr/lib/python3/dist-packages/colcon_core/task/python/colcon_distutils_commands:/home/zyx/restaurant_ws/install/waiter_pkg/lib/python3.10/site-packages:${PYTHONPATH} /usr/bin/python3 -W ignore:setup.py install is deprecated -W ignore:easy_install command is deprecated setup.py egg_info --egg-base ../../build/waiter_pkg build --build-base /home/zyx/restaurant_ws/build/waiter_pkg/build install --record /home/zyx/restaurant_ws/build/waiter_pkg/install.log --single-version-externally-managed install_data
