[1.692s] Invoking command in '/home/zyx/restaurant_ws/src/guest_pkg': PYTHONPATH=/home/zyx/restaurant_ws/build/guest_pkg/prefix_override:/usr/lib/python3/dist-packages/colcon_core/task/python/colcon_distutils_commands:/home/zyx/restaurant_ws/install/guest_pkg/lib/python3.10/site-packages:${PYTHONPATH} /usr/bin/python3 -W ignore:setup.py install is deprecated -W ignore:easy_install command is deprecated setup.py egg_info --egg-base ../../build/guest_pkg build --build-base /home/zyx/restaurant_ws/build/guest_pkg/build install --record /home/zyx/restaurant_ws/build/guest_pkg/install.log --single-version-externally-managed install_data
[2.142s] running egg_info
[2.143s] writing ../../build/guest_pkg/guest_pkg.egg-info/PKG-INFO
[2.143s] writing dependency_links to ../../build/guest_pkg/guest_pkg.egg-info/dependency_links.txt
[2.144s] writing entry points to ../../build/guest_pkg/guest_pkg.egg-info/entry_points.txt
[2.144s] writing requirements to ../../build/guest_pkg/guest_pkg.egg-info/requires.txt
[2.144s] writing top-level names to ../../build/guest_pkg/guest_pkg.egg-info/top_level.txt
[2.153s] reading manifest file '../../build/guest_pkg/guest_pkg.egg-info/SOURCES.txt'
[2.153s] adding license file 'LICENSE'
[2.157s] writing manifest file '../../build/guest_pkg/guest_pkg.egg-info/SOURCES.txt'
[2.159s] running build
[2.159s] running build_py
[2.159s] copying guest_pkg/guest_node.py -> /home/zyx/restaurant_ws/build/guest_pkg/build/lib/guest_pkg
[2.164s] running install
[2.164s] running install_lib
[2.164s] copying /home/zyx/restaurant_ws/build/guest_pkg/build/lib/guest_pkg/guest_node.py -> /home/zyx/restaurant_ws/install/guest_pkg/lib/python3.10/site-packages/guest_pkg
[2.164s] byte-compiling /home/zyx/restaurant_ws/install/guest_pkg/lib/python3.10/site-packages/guest_pkg/guest_node.py to guest_node.cpython-310.pyc
[2.165s] running install_data
[2.165s] running install_egg_info
[2.172s] removing '/home/zyx/restaurant_ws/install/guest_pkg/lib/python3.10/site-packages/guest_pkg-0.0.0-py3.10.egg-info' (and everything under it)
[2.176s] Copying ../../build/guest_pkg/guest_pkg.egg-info to /home/zyx/restaurant_ws/install/guest_pkg/lib/python3.10/site-packages/guest_pkg-0.0.0-py3.10.egg-info
[2.180s] running install_scripts
[2.238s] Installing guest_node script to /home/zyx/restaurant_ws/install/guest_pkg/lib/guest_pkg
[2.239s] writing list of installed files to '/home/zyx/restaurant_ws/build/guest_pkg/install.log'
[2.278s] Invoked command in '/home/zyx/restaurant_ws/src/guest_pkg' returned '0': PYTHONPATH=/home/zyx/restaurant_ws/build/guest_pkg/prefix_override:/usr/lib/python3/dist-packages/colcon_core/task/python/colcon_distutils_commands:/home/zyx/restaurant_ws/install/guest_pkg/lib/python3.10/site-packages:${PYTHONPATH} /usr/bin/python3 -W ignore:setup.py install is deprecated -W ignore:easy_install command is deprecated setup.py egg_info --egg-base ../../build/guest_pkg build --build-base /home/zyx/restaurant_ws/build/guest_pkg/build install --record /home/zyx/restaurant_ws/build/guest_pkg/install.log --single-version-externally-managed install_data
