running egg_info
writing ../../build/restaurant_launch/restaurant_launch.egg-info/PKG-INFO
writing dependency_links to ../../build/restaurant_launch/restaurant_launch.egg-info/dependency_links.txt
writing entry points to ../../build/restaurant_launch/restaurant_launch.egg-info/entry_points.txt
writing requirements to ../../build/restaurant_launch/restaurant_launch.egg-info/requires.txt
writing top-level names to ../../build/restaurant_launch/restaurant_launch.egg-info/top_level.txt
reading manifest file '../../build/restaurant_launch/restaurant_launch.egg-info/SOURCES.txt'
adding license file 'LICENSE'
writing manifest file '../../build/restaurant_launch/restaurant_launch.egg-info/SOURCES.txt'
running build
running build_py
copying restaurant_launch/__init__.py -> /home/cszking/restaurant_ws/build/restaurant_launch/build/lib/restaurant_launch
running install
running install_lib
copying /home/cszking/restaurant_ws/build/restaurant_launch/build/lib/restaurant_launch/__init__.py -> /home/cszking/restaurant_ws/install/restaurant_launch/lib/python3.10/site-packages/restaurant_launch
byte-compiling /home/cszking/restaurant_ws/install/restaurant_launch/lib/python3.10/site-packages/restaurant_launch/__init__.py to __init__.cpython-310.pyc
running install_data
copying resource/restaurant_launch -> /home/cszking/restaurant_ws/install/restaurant_launch/share/ament_index/resource_index/packages
copying package.xml -> /home/cszking/restaurant_ws/install/restaurant_launch/share/restaurant_launch
copying launch/launch_all.launch.py -> /home/cszking/restaurant_ws/install/restaurant_launch/share/restaurant_launch/launch
running install_egg_info
removing '/home/cszking/restaurant_ws/install/restaurant_launch/lib/python3.10/site-packages/restaurant_launch-0.0.0-py3.10.egg-info' (and everything under it)
Copying ../../build/restaurant_launch/restaurant_launch.egg-info to /home/cszking/restaurant_ws/install/restaurant_launch/lib/python3.10/site-packages/restaurant_launch-0.0.0-py3.10.egg-info
running install_scripts
writing list of installed files to '/home/cszking/restaurant_ws/build/restaurant_launch/install.log'
