[1.378s] Invoking command in '/home/zyx/restaurant_ws/src/chef_pkg': PYTHONPATH=/home/zyx/restaurant_ws/build/chef_pkg/prefix_override:/usr/lib/python3/dist-packages/colcon_core/task/python/colcon_distutils_commands:/home/zyx/restaurant_ws/install/chef_pkg/lib/python3.10/site-packages:${PYTHONPATH} /usr/bin/python3 -W ignore:setup.py install is deprecated -W ignore:easy_install command is deprecated setup.py egg_info --egg-base ../../build/chef_pkg build --build-base /home/zyx/restaurant_ws/build/chef_pkg/build install --record /home/zyx/restaurant_ws/build/chef_pkg/install.log --single-version-externally-managed install_data
[1.744s] running egg_info
[1.744s] writing ../../build/chef_pkg/chef_pkg.egg-info/PKG-INFO
[1.744s] writing dependency_links to ../../build/chef_pkg/chef_pkg.egg-info/dependency_links.txt
[1.744s] writing entry points to ../../build/chef_pkg/chef_pkg.egg-info/entry_points.txt
[1.744s] writing requirements to ../../build/chef_pkg/chef_pkg.egg-info/requires.txt
[1.744s] writing top-level names to ../../build/chef_pkg/chef_pkg.egg-info/top_level.txt
[1.745s] reading manifest file '../../build/chef_pkg/chef_pkg.egg-info/SOURCES.txt'
[1.745s] adding license file 'LICENSE'
[1.746s] writing manifest file '../../build/chef_pkg/chef_pkg.egg-info/SOURCES.txt'
[1.746s] running build
[1.746s] running build_py
[1.746s] copying chef_pkg/chef_node.py -> /home/zyx/restaurant_ws/build/chef_pkg/build/lib/chef_pkg
[1.746s] running install
[1.746s] running install_lib
[1.747s] copying /home/zyx/restaurant_ws/build/chef_pkg/build/lib/chef_pkg/chef_node.py -> /home/zyx/restaurant_ws/install/chef_pkg/lib/python3.10/site-packages/chef_pkg
[1.747s] byte-compiling /home/zyx/restaurant_ws/install/chef_pkg/lib/python3.10/site-packages/chef_pkg/chef_node.py to chef_node.cpython-310.pyc
[1.747s] running install_data
[1.747s] running install_egg_info
[1.748s] removing '/home/zyx/restaurant_ws/install/chef_pkg/lib/python3.10/site-packages/chef_pkg-0.0.0-py3.10.egg-info' (and everything under it)
[1.750s] Copying ../../build/chef_pkg/chef_pkg.egg-info to /home/zyx/restaurant_ws/install/chef_pkg/lib/python3.10/site-packages/chef_pkg-0.0.0-py3.10.egg-info
[1.755s] running install_scripts
[1.806s] Installing chef_node script to /home/zyx/restaurant_ws/install/chef_pkg/lib/chef_pkg
[1.806s] writing list of installed files to '/home/zyx/restaurant_ws/build/chef_pkg/install.log'
[1.879s] Invoked command in '/home/zyx/restaurant_ws/src/chef_pkg' returned '0': PYTHONPATH=/home/zyx/restaurant_ws/build/chef_pkg/prefix_override:/usr/lib/python3/dist-packages/colcon_core/task/python/colcon_distutils_commands:/home/zyx/restaurant_ws/install/chef_pkg/lib/python3.10/site-packages:${PYTHONPATH} /usr/bin/python3 -W ignore:setup.py install is deprecated -W ignore:easy_install command is deprecated setup.py egg_info --egg-base ../../build/chef_pkg build --build-base /home/zyx/restaurant_ws/build/chef_pkg/build install --record /home/zyx/restaurant_ws/build/chef_pkg/install.log --single-version-externally-managed install_data
