[1.687s] Invoking command in '/home/zyx/restaurant_ws/src/chef_pkg': PYTHONPATH=/home/zyx/restaurant_ws/build/chef_pkg/prefix_override:/usr/lib/python3/dist-packages/colcon_core/task/python/colcon_distutils_commands:/home/zyx/restaurant_ws/install/chef_pkg/lib/python3.10/site-packages:${PYTHONPATH} /usr/bin/python3 -W ignore:setup.py install is deprecated -W ignore:easy_install command is deprecated setup.py egg_info --egg-base ../../build/chef_pkg build --build-base /home/zyx/restaurant_ws/build/chef_pkg/build install --record /home/zyx/restaurant_ws/build/chef_pkg/install.log --single-version-externally-managed install_data
[2.223s] running egg_info
[2.224s] writing ../../build/chef_pkg/chef_pkg.egg-info/PKG-INFO
[2.225s] writing dependency_links to ../../build/chef_pkg/chef_pkg.egg-info/dependency_links.txt
[2.225s] writing entry points to ../../build/chef_pkg/chef_pkg.egg-info/entry_points.txt
[2.225s] writing requirements to ../../build/chef_pkg/chef_pkg.egg-info/requires.txt
[2.226s] writing top-level names to ../../build/chef_pkg/chef_pkg.egg-info/top_level.txt
[2.229s] reading manifest file '../../build/chef_pkg/chef_pkg.egg-info/SOURCES.txt'
[2.229s] adding license file 'LICENSE'
[2.230s] writing manifest file '../../build/chef_pkg/chef_pkg.egg-info/SOURCES.txt'
[2.230s] running build
[2.230s] running build_py
[2.233s] running install
[2.233s] running install_lib
[2.234s] running install_data
[2.234s] running install_egg_info
[2.237s] removing '/home/zyx/restaurant_ws/install/chef_pkg/lib/python3.10/site-packages/chef_pkg-0.0.0-py3.10.egg-info' (and everything under it)
[2.237s] Copying ../../build/chef_pkg/chef_pkg.egg-info to /home/zyx/restaurant_ws/install/chef_pkg/lib/python3.10/site-packages/chef_pkg-0.0.0-py3.10.egg-info
[2.238s] running install_scripts
[2.282s] Installing chef_node script to /home/zyx/restaurant_ws/install/chef_pkg/lib/chef_pkg
[2.284s] writing list of installed files to '/home/zyx/restaurant_ws/build/chef_pkg/install.log'
[2.355s] Invoked command in '/home/zyx/restaurant_ws/src/chef_pkg' returned '0': PYTHONPATH=/home/zyx/restaurant_ws/build/chef_pkg/prefix_override:/usr/lib/python3/dist-packages/colcon_core/task/python/colcon_distutils_commands:/home/zyx/restaurant_ws/install/chef_pkg/lib/python3.10/site-packages:${PYTHONPATH} /usr/bin/python3 -W ignore:setup.py install is deprecated -W ignore:easy_install command is deprecated setup.py egg_info --egg-base ../../build/chef_pkg build --build-base /home/zyx/restaurant_ws/build/chef_pkg/build install --record /home/zyx/restaurant_ws/build/chef_pkg/install.log --single-version-externally-managed install_data
