[1.344s] Invoking command in '/home/zyx/restaurant_ws/src/guest_pkg': PYTHONPATH=/home/zyx/restaurant_ws/build/guest_pkg/prefix_override:/usr/lib/python3/dist-packages/colcon_core/task/python/colcon_distutils_commands:/home/zyx/restaurant_ws/install/guest_pkg/lib/python3.10/site-packages:${PYTHONPATH} /usr/bin/python3 -W ignore:setup.py install is deprecated -W ignore:easy_install command is deprecated setup.py egg_info --egg-base ../../build/guest_pkg build --build-base /home/zyx/restaurant_ws/build/guest_pkg/build install --record /home/zyx/restaurant_ws/build/guest_pkg/install.log --single-version-externally-managed install_data
[1.691s] running egg_info
[1.692s] writing ../../build/guest_pkg/guest_pkg.egg-info/PKG-INFO
[1.695s] writing dependency_links to ../../build/guest_pkg/guest_pkg.egg-info/dependency_links.txt
[1.695s] writing entry points to ../../build/guest_pkg/guest_pkg.egg-info/entry_points.txt
[1.695s] writing requirements to ../../build/guest_pkg/guest_pkg.egg-info/requires.txt
[1.695s] writing top-level names to ../../build/guest_pkg/guest_pkg.egg-info/top_level.txt
[1.696s] reading manifest file '../../build/guest_pkg/guest_pkg.egg-info/SOURCES.txt'
[1.696s] adding license file 'LICENSE'
[1.698s] writing manifest file '../../build/guest_pkg/guest_pkg.egg-info/SOURCES.txt'
[1.698s] running build
[1.699s] running build_py
[1.699s] copying guest_pkg/guest_node.py -> /home/zyx/restaurant_ws/build/guest_pkg/build/lib/guest_pkg
[1.699s] running install
[1.699s] running install_lib
[1.700s] copying /home/zyx/restaurant_ws/build/guest_pkg/build/lib/guest_pkg/guest_node.py -> /home/zyx/restaurant_ws/install/guest_pkg/lib/python3.10/site-packages/guest_pkg
[1.701s] byte-compiling /home/zyx/restaurant_ws/install/guest_pkg/lib/python3.10/site-packages/guest_pkg/guest_node.py to guest_node.cpython-310.pyc
[1.703s] running install_data
[1.703s] running install_egg_info
[1.707s] removing '/home/zyx/restaurant_ws/install/guest_pkg/lib/python3.10/site-packages/guest_pkg-0.0.0-py3.10.egg-info' (and everything under it)
[1.713s] Copying ../../build/guest_pkg/guest_pkg.egg-info to /home/zyx/restaurant_ws/install/guest_pkg/lib/python3.10/site-packages/guest_pkg-0.0.0-py3.10.egg-info
[1.713s] running install_scripts
[1.772s] Installing guest_node script to /home/zyx/restaurant_ws/install/guest_pkg/lib/guest_pkg
[1.774s] writing list of installed files to '/home/zyx/restaurant_ws/build/guest_pkg/install.log'
[1.826s] Invoked command in '/home/zyx/restaurant_ws/src/guest_pkg' returned '0': PYTHONPATH=/home/zyx/restaurant_ws/build/guest_pkg/prefix_override:/usr/lib/python3/dist-packages/colcon_core/task/python/colcon_distutils_commands:/home/zyx/restaurant_ws/install/guest_pkg/lib/python3.10/site-packages:${PYTHONPATH} /usr/bin/python3 -W ignore:setup.py install is deprecated -W ignore:easy_install command is deprecated setup.py egg_info --egg-base ../../build/guest_pkg build --build-base /home/zyx/restaurant_ws/build/guest_pkg/build install --record /home/zyx/restaurant_ws/build/guest_pkg/install.log --single-version-externally-managed install_data
