[1.586s] Invoking command in '/home/zyx/restaurant_ws/src/guest_pkg': PYTHONPATH=/home/zyx/restaurant_ws/build/guest_pkg/prefix_override:/usr/lib/python3/dist-packages/colcon_core/task/python/colcon_distutils_commands:/home/zyx/restaurant_ws/install/guest_pkg/lib/python3.10/site-packages:${PYTHONPATH} /usr/bin/python3 -W ignore:setup.py install is deprecated -W ignore:easy_install command is deprecated setup.py egg_info --egg-base ../../build/guest_pkg build --build-base /home/zyx/restaurant_ws/build/guest_pkg/build install --record /home/zyx/restaurant_ws/build/guest_pkg/install.log --single-version-externally-managed install_data
[2.109s] running egg_info
[2.110s] writing ../../build/guest_pkg/guest_pkg.egg-info/PKG-INFO
[2.110s] writing dependency_links to ../../build/guest_pkg/guest_pkg.egg-info/dependency_links.txt
[2.110s] writing entry points to ../../build/guest_pkg/guest_pkg.egg-info/entry_points.txt
[2.110s] writing requirements to ../../build/guest_pkg/guest_pkg.egg-info/requires.txt
[2.111s] writing top-level names to ../../build/guest_pkg/guest_pkg.egg-info/top_level.txt
[2.118s] reading manifest file '../../build/guest_pkg/guest_pkg.egg-info/SOURCES.txt'
[2.118s] adding license file 'LICENSE'
[2.118s] writing manifest file '../../build/guest_pkg/guest_pkg.egg-info/SOURCES.txt'
[2.121s] running build
[2.121s] running build_py
[2.121s] running install
[2.121s] running install_lib
[2.124s] running install_data
[2.125s] running install_egg_info
[2.131s] removing '/home/zyx/restaurant_ws/install/guest_pkg/lib/python3.10/site-packages/guest_pkg-0.0.0-py3.10.egg-info' (and everything under it)
[2.137s] Copying ../../build/guest_pkg/guest_pkg.egg-info to /home/zyx/restaurant_ws/install/guest_pkg/lib/python3.10/site-packages/guest_pkg-0.0.0-py3.10.egg-info
[2.137s] running install_scripts
[2.191s] Installing guest_node script to /home/zyx/restaurant_ws/install/guest_pkg/lib/guest_pkg
[2.191s] writing list of installed files to '/home/zyx/restaurant_ws/build/guest_pkg/install.log'
[2.273s] Invoked command in '/home/zyx/restaurant_ws/src/guest_pkg' returned '0': PYTHONPATH=/home/zyx/restaurant_ws/build/guest_pkg/prefix_override:/usr/lib/python3/dist-packages/colcon_core/task/python/colcon_distutils_commands:/home/zyx/restaurant_ws/install/guest_pkg/lib/python3.10/site-packages:${PYTHONPATH} /usr/bin/python3 -W ignore:setup.py install is deprecated -W ignore:easy_install command is deprecated setup.py egg_info --egg-base ../../build/guest_pkg build --build-base /home/zyx/restaurant_ws/build/guest_pkg/build install --record /home/zyx/restaurant_ws/build/guest_pkg/install.log --single-version-externally-managed install_data
