running egg_info
writing ../../build/waiter_pkg/waiter_pkg.egg-info/PKG-INFO
writing dependency_links to ../../build/waiter_pkg/waiter_pkg.egg-info/dependency_links.txt
writing entry points to ../../build/waiter_pkg/waiter_pkg.egg-info/entry_points.txt
writing requirements to ../../build/waiter_pkg/waiter_pkg.egg-info/requires.txt
writing top-level names to ../../build/waiter_pkg/waiter_pkg.egg-info/top_level.txt
reading manifest file '../../build/waiter_pkg/waiter_pkg.egg-info/SOURCES.txt'
adding license file 'LICENSE'
writing manifest file '../../build/waiter_pkg/waiter_pkg.egg-info/SOURCES.txt'
running build
running build_py
copying waiter_pkg/__init__.py -> /home/cszking/restaurant_ws/build/waiter_pkg/build/lib/waiter_pkg
copying waiter_pkg/waiter_node.py -> /home/cszking/restaurant_ws/build/waiter_pkg/build/lib/waiter_pkg
running install
running install_lib
copying /home/cszking/restaurant_ws/build/waiter_pkg/build/lib/waiter_pkg/__init__.py -> /home/cszking/restaurant_ws/install/waiter_pkg/lib/python3.10/site-packages/waiter_pkg
copying /home/cszking/restaurant_ws/build/waiter_pkg/build/lib/waiter_pkg/waiter_node.py -> /home/cszking/restaurant_ws/install/waiter_pkg/lib/python3.10/site-packages/waiter_pkg
byte-compiling /home/cszking/restaurant_ws/install/waiter_pkg/lib/python3.10/site-packages/waiter_pkg/__init__.py to __init__.cpython-310.pyc
byte-compiling /home/cszking/restaurant_ws/install/waiter_pkg/lib/python3.10/site-packages/waiter_pkg/waiter_node.py to waiter_node.cpython-310.pyc
running install_data
copying resource/waiter_pkg -> /home/cszking/restaurant_ws/install/waiter_pkg/share/ament_index/resource_index/packages
copying package.xml -> /home/cszking/restaurant_ws/install/waiter_pkg/share/waiter_pkg
copying launch/waiter.launch.py -> /home/cszking/restaurant_ws/install/waiter_pkg/share/waiter_pkg/launch
running install_egg_info
removing '/home/cszking/restaurant_ws/install/waiter_pkg/lib/python3.10/site-packages/waiter_pkg-0.0.0-py3.10.egg-info' (and everything under it)
Copying ../../build/waiter_pkg/waiter_pkg.egg-info to /home/cszking/restaurant_ws/install/waiter_pkg/lib/python3.10/site-packages/waiter_pkg-0.0.0-py3.10.egg-info
running install_scripts
Installing waiter_node script to /home/cszking/restaurant_ws/install/waiter_pkg/lib/waiter_pkg
writing list of installed files to '/home/cszking/restaurant_ws/build/waiter_pkg/install.log'
