running egg_info
writing ../../build/waiter_pkg/waiter_pkg.egg-info/PKG-INFO
writing dependency_links to ../../build/waiter_pkg/waiter_pkg.egg-info/dependency_links.txt
writing entry points to ../../build/waiter_pkg/waiter_pkg.egg-info/entry_points.txt
writing requirements to ../../build/waiter_pkg/waiter_pkg.egg-info/requires.txt
writing top-level names to ../../build/waiter_pkg/waiter_pkg.egg-info/top_level.txt
reading manifest file '../../build/waiter_pkg/waiter_pkg.egg-info/SOURCES.txt'
adding license file 'LICENSE'
writing manifest file '../../build/waiter_pkg/waiter_pkg.egg-info/SOURCES.txt'
running build
running build_py
copying waiter_pkg/waiter_node.py -> /home/zyx/restaurant_ws/build/waiter_pkg/build/lib/waiter_pkg
running install
running install_lib
copying /home/zyx/restaurant_ws/build/waiter_pkg/build/lib/waiter_pkg/waiter_node.py -> /home/zyx/restaurant_ws/install/waiter_pkg/lib/python3.10/site-packages/waiter_pkg
byte-compiling /home/zyx/restaurant_ws/install/waiter_pkg/lib/python3.10/site-packages/waiter_pkg/waiter_node.py to waiter_node.cpython-310.pyc
running install_data
running install_egg_info
removing '/home/zyx/restaurant_ws/install/waiter_pkg/lib/python3.10/site-packages/waiter_pkg-0.0.0-py3.10.egg-info' (and everything under it)
Copying ../../build/waiter_pkg/waiter_pkg.egg-info to /home/zyx/restaurant_ws/install/waiter_pkg/lib/python3.10/site-packages/waiter_pkg-0.0.0-py3.10.egg-info
running install_scripts
Installing waiter_node script to /home/zyx/restaurant_ws/install/waiter_pkg/lib/waiter_pkg
writing list of installed files to '/home/zyx/restaurant_ws/build/waiter_pkg/install.log'
