[1.377s] Invoking command in '/home/zyx/restaurant_ws/src/chef_pkg': PYTHONPATH=/home/zyx/restaurant_ws/build/chef_pkg/prefix_override:/usr/lib/python3/dist-packages/colcon_core/task/python/colcon_distutils_commands:/home/zyx/restaurant_ws/install/chef_pkg/lib/python3.10/site-packages:${PYTHONPATH} /usr/bin/python3 -W ignore:setup.py install is deprecated -W ignore:easy_install command is deprecated setup.py egg_info --egg-base ../../build/chef_pkg build --build-base /home/zyx/restaurant_ws/build/chef_pkg/build install --record /home/zyx/restaurant_ws/build/chef_pkg/install.log --single-version-externally-managed install_data
[1.733s] running egg_info
[1.733s] writing ../../build/chef_pkg/chef_pkg.egg-info/PKG-INFO
[1.733s] writing dependency_links to ../../build/chef_pkg/chef_pkg.egg-info/dependency_links.txt
[1.733s] writing entry points to ../../build/chef_pkg/chef_pkg.egg-info/entry_points.txt
[1.733s] writing requirements to ../../build/chef_pkg/chef_pkg.egg-info/requires.txt
[1.733s] writing top-level names to ../../build/chef_pkg/chef_pkg.egg-info/top_level.txt
[1.734s] reading manifest file '../../build/chef_pkg/chef_pkg.egg-info/SOURCES.txt'
[1.734s] adding license file 'LICENSE'
[1.734s] writing manifest file '../../build/chef_pkg/chef_pkg.egg-info/SOURCES.txt'
[1.734s] running build
[1.734s] running build_py
[1.734s] running install
[1.734s] running install_lib
[1.737s] running install_data
[1.740s] running install_egg_info
[1.748s] removing '/home/zyx/restaurant_ws/install/chef_pkg/lib/python3.10/site-packages/chef_pkg-0.0.0-py3.10.egg-info' (and everything under it)
[1.749s] Copying ../../build/chef_pkg/chef_pkg.egg-info to /home/zyx/restaurant_ws/install/chef_pkg/lib/python3.10/site-packages/chef_pkg-0.0.0-py3.10.egg-info
[1.749s] running install_scripts
[1.818s] Installing chef_node script to /home/zyx/restaurant_ws/install/chef_pkg/lib/chef_pkg
[1.821s] writing list of installed files to '/home/zyx/restaurant_ws/build/chef_pkg/install.log'
[1.890s] Invoked command in '/home/zyx/restaurant_ws/src/chef_pkg' returned '0': PYTHONPATH=/home/zyx/restaurant_ws/build/chef_pkg/prefix_override:/usr/lib/python3/dist-packages/colcon_core/task/python/colcon_distutils_commands:/home/zyx/restaurant_ws/install/chef_pkg/lib/python3.10/site-packages:${PYTHONPATH} /usr/bin/python3 -W ignore:setup.py install is deprecated -W ignore:easy_install command is deprecated setup.py egg_info --egg-base ../../build/chef_pkg build --build-base /home/zyx/restaurant_ws/build/chef_pkg/build install --record /home/zyx/restaurant_ws/build/chef_pkg/install.log --single-version-externally-managed install_data
