[0.124s] DEBUG:colcon:Command line arguments: ['/usr/bin/colcon', 'build']
[0.124s] DEBUG:colcon:Parsed command line arguments: Namespace(log_base=None, log_level=None, verb_name='build', build_base='build', install_base='install', merge_install=False, symlink_install=False, test_result_base=None, continue_on_error=False, executor='parallel', parallel_workers=2, event_handlers=None, ignore_user_meta=False, metas=['./colcon.meta'], base_paths=['.'], packages_ignore=None, packages_ignore_regex=None, paths=None, packages_up_to=None, packages_up_to_regex=None, packages_above=None, packages_above_and_dependencies=None, packages_above_depth=None, packages_select_by_dep=None, packages_skip_by_dep=None, packages_skip_up_to=None, packages_select_build_failed=False, packages_skip_build_finished=False, packages_select_test_failures=False, packages_skip_test_passed=False, packages_select=None, packages_skip=None, packages_select_regex=None, packages_skip_regex=None, packages_start=None, packages_end=None, allow_overriding=[], cmake_args=None, cmake_target=None, cmake_target_skip_unavailable=False, cmake_clean_cache=False, cmake_clean_first=False, cmake_force_configure=False, ament_cmake_args=None, catkin_cmake_args=None, catkin_skip_building_tests=False, verb_parser=<colcon_defaults.argument_parser.defaults.DefaultArgumentsDecorator object at 0x77e75c3589a0>, verb_extension=<colcon_core.verb.build.BuildVerb object at 0x77e75c358550>, main=<bound method BuildVerb.main of <colcon_core.verb.build.BuildVerb object at 0x77e75c358550>>)
[0.398s] Level 1:colcon.colcon_core.package_discovery:discover_packages(colcon_meta) check parameters
[0.398s] Level 1:colcon.colcon_core.package_discovery:discover_packages(recursive) check parameters
[0.398s] Level 1:colcon.colcon_core.package_discovery:discover_packages(ignore) check parameters
[0.398s] Level 1:colcon.colcon_core.package_discovery:discover_packages(path) check parameters
[0.398s] Level 1:colcon.colcon_core.package_discovery:discover_packages(colcon_meta) discover
[0.398s] Level 1:colcon.colcon_core.package_discovery:discover_packages(recursive) discover
[0.398s] INFO:colcon.colcon_core.package_discovery:Crawling recursively for packages in '/home/cszking/restaurant_ws'
[0.399s] Level 1:colcon.colcon_core.package_identification:_identify(.) by extensions ['ignore', 'ignore_ament_install']
[0.399s] Level 1:colcon.colcon_core.package_identification:_identify(.) by extension 'ignore'
[0.399s] Level 1:colcon.colcon_core.package_identification:_identify(.) by extension 'ignore_ament_install'
[0.399s] Level 1:colcon.colcon_core.package_identification:_identify(.) by extensions ['colcon_pkg']
[0.399s] Level 1:colcon.colcon_core.package_identification:_identify(.) by extension 'colcon_pkg'
[0.399s] Level 1:colcon.colcon_core.package_identification:_identify(.) by extensions ['colcon_meta']
[0.399s] Level 1:colcon.colcon_core.package_identification:_identify(.) by extension 'colcon_meta'
[0.399s] Level 1:colcon.colcon_core.package_identification:_identify(.) by extensions ['ros']
[0.399s] Level 1:colcon.colcon_core.package_identification:_identify(.) by extension 'ros'
[0.411s] Level 1:colcon.colcon_core.package_identification:_identify(.) by extensions ['cmake', 'python']
[0.412s] Level 1:colcon.colcon_core.package_identification:_identify(.) by extension 'cmake'
[0.412s] Level 1:colcon.colcon_core.package_identification:_identify(.) by extension 'python'
[0.412s] Level 1:colcon.colcon_core.package_identification:_identify(.) by extensions ['python_setup_py']
[0.412s] Level 1:colcon.colcon_core.package_identification:_identify(.) by extension 'python_setup_py'
[0.412s] Level 1:colcon.colcon_core.package_identification:_identify(build) by extensions ['ignore', 'ignore_ament_install']
[0.412s] Level 1:colcon.colcon_core.package_identification:_identify(build) by extension 'ignore'
[0.412s] Level 1:colcon.colcon_core.package_identification:_identify(build) ignored
[0.412s] Level 1:colcon.colcon_core.package_identification:_identify(install) by extensions ['ignore', 'ignore_ament_install']
[0.412s] Level 1:colcon.colcon_core.package_identification:_identify(install) by extension 'ignore'
[0.412s] Level 1:colcon.colcon_core.package_identification:_identify(install) ignored
[0.413s] Level 1:colcon.colcon_core.package_identification:_identify(log) by extensions ['ignore', 'ignore_ament_install']
[0.413s] Level 1:colcon.colcon_core.package_identification:_identify(log) by extension 'ignore'
[0.413s] Level 1:colcon.colcon_core.package_identification:_identify(log) ignored
[0.413s] Level 1:colcon.colcon_core.package_identification:_identify(src) by extensions ['ignore', 'ignore_ament_install']
[0.413s] Level 1:colcon.colcon_core.package_identification:_identify(src) by extension 'ignore'
[0.413s] Level 1:colcon.colcon_core.package_identification:_identify(src) by extension 'ignore_ament_install'
[0.413s] Level 1:colcon.colcon_core.package_identification:_identify(src) by extensions ['colcon_pkg']
[0.413s] Level 1:colcon.colcon_core.package_identification:_identify(src) by extension 'colcon_pkg'
[0.413s] Level 1:colcon.colcon_core.package_identification:_identify(src) by extensions ['colcon_meta']
[0.413s] Level 1:colcon.colcon_core.package_identification:_identify(src) by extension 'colcon_meta'
[0.413s] Level 1:colcon.colcon_core.package_identification:_identify(src) by extensions ['ros']
[0.413s] Level 1:colcon.colcon_core.package_identification:_identify(src) by extension 'ros'
[0.413s] Level 1:colcon.colcon_core.package_identification:_identify(src) by extensions ['cmake', 'python']
[0.413s] Level 1:colcon.colcon_core.package_identification:_identify(src) by extension 'cmake'
[0.413s] Level 1:colcon.colcon_core.package_identification:_identify(src) by extension 'python'
[0.413s] Level 1:colcon.colcon_core.package_identification:_identify(src) by extensions ['python_setup_py']
[0.414s] Level 1:colcon.colcon_core.package_identification:_identify(src) by extension 'python_setup_py'
[0.414s] Level 1:colcon.colcon_core.package_identification:_identify(src/chef_pkg) by extensions ['ignore', 'ignore_ament_install']
[0.414s] Level 1:colcon.colcon_core.package_identification:_identify(src/chef_pkg) by extension 'ignore'
[0.414s] Level 1:colcon.colcon_core.package_identification:_identify(src/chef_pkg) by extension 'ignore_ament_install'
[0.414s] Level 1:colcon.colcon_core.package_identification:_identify(src/chef_pkg) by extensions ['colcon_pkg']
[0.414s] Level 1:colcon.colcon_core.package_identification:_identify(src/chef_pkg) by extension 'colcon_pkg'
[0.414s] Level 1:colcon.colcon_core.package_identification:_identify(src/chef_pkg) by extensions ['colcon_meta']
[0.414s] Level 1:colcon.colcon_core.package_identification:_identify(src/chef_pkg) by extension 'colcon_meta'
[0.414s] Level 1:colcon.colcon_core.package_identification:_identify(src/chef_pkg) by extensions ['ros']
[0.414s] Level 1:colcon.colcon_core.package_identification:_identify(src/chef_pkg) by extension 'ros'
[0.417s] DEBUG:colcon.colcon_core.package_identification:Package 'src/chef_pkg' with type 'ros.ament_python' and name 'chef_pkg'
[0.417s] Level 1:colcon.colcon_core.package_identification:_identify(src/guest_pkg) by extensions ['ignore', 'ignore_ament_install']
[0.418s] Level 1:colcon.colcon_core.package_identification:_identify(src/guest_pkg) by extension 'ignore'
[0.418s] Level 1:colcon.colcon_core.package_identification:_identify(src/guest_pkg) by extension 'ignore_ament_install'
[0.418s] Level 1:colcon.colcon_core.package_identification:_identify(src/guest_pkg) by extensions ['colcon_pkg']
[0.418s] Level 1:colcon.colcon_core.package_identification:_identify(src/guest_pkg) by extension 'colcon_pkg'
[0.418s] Level 1:colcon.colcon_core.package_identification:_identify(src/guest_pkg) by extensions ['colcon_meta']
[0.418s] Level 1:colcon.colcon_core.package_identification:_identify(src/guest_pkg) by extension 'colcon_meta'
[0.418s] Level 1:colcon.colcon_core.package_identification:_identify(src/guest_pkg) by extensions ['ros']
[0.418s] Level 1:colcon.colcon_core.package_identification:_identify(src/guest_pkg) by extension 'ros'
[0.419s] DEBUG:colcon.colcon_core.package_identification:Package 'src/guest_pkg' with type 'ros.ament_python' and name 'guest_pkg'
[0.419s] Level 1:colcon.colcon_core.package_identification:_identify(src/restaurant_launch) by extensions ['ignore', 'ignore_ament_install']
[0.419s] Level 1:colcon.colcon_core.package_identification:_identify(src/restaurant_launch) by extension 'ignore'
[0.419s] Level 1:colcon.colcon_core.package_identification:_identify(src/restaurant_launch) by extension 'ignore_ament_install'
[0.419s] Level 1:colcon.colcon_core.package_identification:_identify(src/restaurant_launch) by extensions ['colcon_pkg']
[0.419s] Level 1:colcon.colcon_core.package_identification:_identify(src/restaurant_launch) by extension 'colcon_pkg'
[0.419s] Level 1:colcon.colcon_core.package_identification:_identify(src/restaurant_launch) by extensions ['colcon_meta']
[0.419s] Level 1:colcon.colcon_core.package_identification:_identify(src/restaurant_launch) by extension 'colcon_meta'
[0.419s] Level 1:colcon.colcon_core.package_identification:_identify(src/restaurant_launch) by extensions ['ros']
[0.419s] Level 1:colcon.colcon_core.package_identification:_identify(src/restaurant_launch) by extension 'ros'
[0.420s] DEBUG:colcon.colcon_core.package_identification:Package 'src/restaurant_launch' with type 'ros.ament_python' and name 'restaurant_launch'
[0.420s] Level 1:colcon.colcon_core.package_identification:_identify(src/waiter_pkg) by extensions ['ignore', 'ignore_ament_install']
[0.420s] Level 1:colcon.colcon_core.package_identification:_identify(src/waiter_pkg) by extension 'ignore'
[0.420s] Level 1:colcon.colcon_core.package_identification:_identify(src/waiter_pkg) by extension 'ignore_ament_install'
[0.420s] Level 1:colcon.colcon_core.package_identification:_identify(src/waiter_pkg) by extensions ['colcon_pkg']
[0.420s] Level 1:colcon.colcon_core.package_identification:_identify(src/waiter_pkg) by extension 'colcon_pkg'
[0.420s] Level 1:colcon.colcon_core.package_identification:_identify(src/waiter_pkg) by extensions ['colcon_meta']
[0.420s] Level 1:colcon.colcon_core.package_identification:_identify(src/waiter_pkg) by extension 'colcon_meta'
[0.420s] Level 1:colcon.colcon_core.package_identification:_identify(src/waiter_pkg) by extensions ['ros']
[0.420s] Level 1:colcon.colcon_core.package_identification:_identify(src/waiter_pkg) by extension 'ros'
[0.421s] DEBUG:colcon.colcon_core.package_identification:Package 'src/waiter_pkg' with type 'ros.ament_python' and name 'waiter_pkg'
[0.421s] Level 1:colcon.colcon_core.package_discovery:discover_packages(recursive) using defaults
[0.421s] Level 1:colcon.colcon_core.package_discovery:discover_packages(ignore) discover
[0.421s] Level 1:colcon.colcon_core.package_discovery:discover_packages(ignore) using defaults
[0.421s] Level 1:colcon.colcon_core.package_discovery:discover_packages(path) discover
[0.421s] Level 1:colcon.colcon_core.package_discovery:discover_packages(path) using defaults
[0.448s] Level 1:colcon.colcon_core.package_discovery:discover_packages(prefix_path) check parameters
[0.448s] Level 1:colcon.colcon_core.package_discovery:discover_packages(prefix_path) discover
[0.457s] DEBUG:colcon.colcon_installed_package_information.package_discovery:Found 12 installed packages in /home/cszking/dev_ws/install
[0.458s] DEBUG:colcon.colcon_installed_package_information.package_discovery:Found 333 installed packages in /opt/ros/humble
[0.468s] Level 1:colcon.colcon_core.package_discovery:discover_packages(prefix_path) using defaults
[0.518s] Level 5:colcon.colcon_core.verb:set package 'chef_pkg' build argument 'cmake_args' from command line to 'None'
[0.518s] Level 5:colcon.colcon_core.verb:set package 'chef_pkg' build argument 'cmake_target' from command line to 'None'
[0.518s] Level 5:colcon.colcon_core.verb:set package 'chef_pkg' build argument 'cmake_target_skip_unavailable' from command line to 'False'
[0.518s] Level 5:colcon.colcon_core.verb:set package 'chef_pkg' build argument 'cmake_clean_cache' from command line to 'False'
[0.518s] Level 5:colcon.colcon_core.verb:set package 'chef_pkg' build argument 'cmake_clean_first' from command line to 'False'
[0.518s] Level 5:colcon.colcon_core.verb:set package 'chef_pkg' build argument 'cmake_force_configure' from command line to 'False'
[0.518s] Level 5:colcon.colcon_core.verb:set package 'chef_pkg' build argument 'ament_cmake_args' from command line to 'None'
[0.518s] Level 5:colcon.colcon_core.verb:set package 'chef_pkg' build argument 'catkin_cmake_args' from command line to 'None'
[0.518s] Level 5:colcon.colcon_core.verb:set package 'chef_pkg' build argument 'catkin_skip_building_tests' from command line to 'False'
[0.518s] DEBUG:colcon.colcon_core.verb:Building package 'chef_pkg' with the following arguments: {'ament_cmake_args': None, 'build_base': '/home/cszking/restaurant_ws/build/chef_pkg', 'catkin_cmake_args': None, 'catkin_skip_building_tests': False, 'cmake_args': None, 'cmake_clean_cache': False, 'cmake_clean_first': False, 'cmake_force_configure': False, 'cmake_target': None, 'cmake_target_skip_unavailable': False, 'install_base': '/home/cszking/restaurant_ws/install/chef_pkg', 'merge_install': False, 'path': '/home/cszking/restaurant_ws/src/chef_pkg', 'symlink_install': False, 'test_result_base': None}
[0.519s] Level 5:colcon.colcon_core.verb:set package 'guest_pkg' build argument 'cmake_args' from command line to 'None'
[0.519s] Level 5:colcon.colcon_core.verb:set package 'guest_pkg' build argument 'cmake_target' from command line to 'None'
[0.519s] Level 5:colcon.colcon_core.verb:set package 'guest_pkg' build argument 'cmake_target_skip_unavailable' from command line to 'False'
[0.519s] Level 5:colcon.colcon_core.verb:set package 'guest_pkg' build argument 'cmake_clean_cache' from command line to 'False'
[0.519s] Level 5:colcon.colcon_core.verb:set package 'guest_pkg' build argument 'cmake_clean_first' from command line to 'False'
[0.519s] Level 5:colcon.colcon_core.verb:set package 'guest_pkg' build argument 'cmake_force_configure' from command line to 'False'
[0.519s] Level 5:colcon.colcon_core.verb:set package 'guest_pkg' build argument 'ament_cmake_args' from command line to 'None'
[0.519s] Level 5:colcon.colcon_core.verb:set package 'guest_pkg' build argument 'catkin_cmake_args' from command line to 'None'
[0.519s] Level 5:colcon.colcon_core.verb:set package 'guest_pkg' build argument 'catkin_skip_building_tests' from command line to 'False'
[0.519s] DEBUG:colcon.colcon_core.verb:Building package 'guest_pkg' with the following arguments: {'ament_cmake_args': None, 'build_base': '/home/cszking/restaurant_ws/build/guest_pkg', 'catkin_cmake_args': None, 'catkin_skip_building_tests': False, 'cmake_args': None, 'cmake_clean_cache': False, 'cmake_clean_first': False, 'cmake_force_configure': False, 'cmake_target': None, 'cmake_target_skip_unavailable': False, 'install_base': '/home/cszking/restaurant_ws/install/guest_pkg', 'merge_install': False, 'path': '/home/cszking/restaurant_ws/src/guest_pkg', 'symlink_install': False, 'test_result_base': None}
[0.519s] Level 5:colcon.colcon_core.verb:set package 'restaurant_launch' build argument 'cmake_args' from command line to 'None'
[0.519s] Level 5:colcon.colcon_core.verb:set package 'restaurant_launch' build argument 'cmake_target' from command line to 'None'
[0.519s] Level 5:colcon.colcon_core.verb:set package 'restaurant_launch' build argument 'cmake_target_skip_unavailable' from command line to 'False'
[0.519s] Level 5:colcon.colcon_core.verb:set package 'restaurant_launch' build argument 'cmake_clean_cache' from command line to 'False'
[0.519s] Level 5:colcon.colcon_core.verb:set package 'restaurant_launch' build argument 'cmake_clean_first' from command line to 'False'
[0.519s] Level 5:colcon.colcon_core.verb:set package 'restaurant_launch' build argument 'cmake_force_configure' from command line to 'False'
[0.519s] Level 5:colcon.colcon_core.verb:set package 'restaurant_launch' build argument 'ament_cmake_args' from command line to 'None'
[0.519s] Level 5:colcon.colcon_core.verb:set package 'restaurant_launch' build argument 'catkin_cmake_args' from command line to 'None'
[0.519s] Level 5:colcon.colcon_core.verb:set package 'restaurant_launch' build argument 'catkin_skip_building_tests' from command line to 'False'
[0.519s] DEBUG:colcon.colcon_core.verb:Building package 'restaurant_launch' with the following arguments: {'ament_cmake_args': None, 'build_base': '/home/cszking/restaurant_ws/build/restaurant_launch', 'catkin_cmake_args': None, 'catkin_skip_building_tests': False, 'cmake_args': None, 'cmake_clean_cache': False, 'cmake_clean_first': False, 'cmake_force_configure': False, 'cmake_target': None, 'cmake_target_skip_unavailable': False, 'install_base': '/home/cszking/restaurant_ws/install/restaurant_launch', 'merge_install': False, 'path': '/home/cszking/restaurant_ws/src/restaurant_launch', 'symlink_install': False, 'test_result_base': None}
[0.519s] Level 5:colcon.colcon_core.verb:set package 'waiter_pkg' build argument 'cmake_args' from command line to 'None'
[0.520s] Level 5:colcon.colcon_core.verb:set package 'waiter_pkg' build argument 'cmake_target' from command line to 'None'
[0.520s] Level 5:colcon.colcon_core.verb:set package 'waiter_pkg' build argument 'cmake_target_skip_unavailable' from command line to 'False'
[0.520s] Level 5:colcon.colcon_core.verb:set package 'waiter_pkg' build argument 'cmake_clean_cache' from command line to 'False'
[0.520s] Level 5:colcon.colcon_core.verb:set package 'waiter_pkg' build argument 'cmake_clean_first' from command line to 'False'
[0.520s] Level 5:colcon.colcon_core.verb:set package 'waiter_pkg' build argument 'cmake_force_configure' from command line to 'False'
[0.520s] Level 5:colcon.colcon_core.verb:set package 'waiter_pkg' build argument 'ament_cmake_args' from command line to 'None'
[0.520s] Level 5:colcon.colcon_core.verb:set package 'waiter_pkg' build argument 'catkin_cmake_args' from command line to 'None'
[0.520s] Level 5:colcon.colcon_core.verb:set package 'waiter_pkg' build argument 'catkin_skip_building_tests' from command line to 'False'
[0.520s] DEBUG:colcon.colcon_core.verb:Building package 'waiter_pkg' with the following arguments: {'ament_cmake_args': None, 'build_base': '/home/cszking/restaurant_ws/build/waiter_pkg', 'catkin_cmake_args': None, 'catkin_skip_building_tests': False, 'cmake_args': None, 'cmake_clean_cache': False, 'cmake_clean_first': False, 'cmake_force_configure': False, 'cmake_target': None, 'cmake_target_skip_unavailable': False, 'install_base': '/home/cszking/restaurant_ws/install/waiter_pkg', 'merge_install': False, 'path': '/home/cszking/restaurant_ws/src/waiter_pkg', 'symlink_install': False, 'test_result_base': None}
[0.520s] INFO:colcon.colcon_core.executor:Executing jobs using 'parallel' executor
[0.521s] DEBUG:colcon.colcon_parallel_executor.executor.parallel:run_until_complete
[0.521s] INFO:colcon.colcon_ros.task.ament_python.build:Building ROS package in '/home/cszking/restaurant_ws/src/chef_pkg' with build type 'ament_python'
[0.521s] Level 1:colcon.colcon_core.shell:create_environment_hook('chef_pkg', 'ament_prefix_path')
[0.526s] INFO:colcon.colcon_core.plugin_system:Skipping extension 'colcon_core.shell.bat': Not used on non-Windows systems
[0.526s] INFO:colcon.colcon_core.shell:Creating environment hook '/home/cszking/restaurant_ws/install/chef_pkg/share/chef_pkg/hook/ament_prefix_path.ps1'
[0.528s] INFO:colcon.colcon_core.shell:Creating environment descriptor '/home/cszking/restaurant_ws/install/chef_pkg/share/chef_pkg/hook/ament_prefix_path.dsv'
[0.529s] INFO:colcon.colcon_core.shell:Creating environment hook '/home/cszking/restaurant_ws/install/chef_pkg/share/chef_pkg/hook/ament_prefix_path.sh'
[0.530s] INFO:colcon.colcon_core.shell:Skip shell extension 'powershell' for command environment: Not usable outside of PowerShell
[0.530s] DEBUG:colcon.colcon_core.shell:Skip shell extension 'dsv' for command environment
[0.538s] INFO:colcon.colcon_ros.task.ament_python.build:Building ROS package in '/home/cszking/restaurant_ws/src/guest_pkg' with build type 'ament_python'
[0.538s] Level 1:colcon.colcon_core.shell:create_environment_hook('guest_pkg', 'ament_prefix_path')
[0.538s] INFO:colcon.colcon_core.shell:Creating environment hook '/home/cszking/restaurant_ws/install/guest_pkg/share/guest_pkg/hook/ament_prefix_path.ps1'
[0.543s] INFO:colcon.colcon_core.shell:Creating environment descriptor '/home/cszking/restaurant_ws/install/guest_pkg/share/guest_pkg/hook/ament_prefix_path.dsv'
[0.543s] INFO:colcon.colcon_core.shell:Creating environment hook '/home/cszking/restaurant_ws/install/guest_pkg/share/guest_pkg/hook/ament_prefix_path.sh'
[0.544s] INFO:colcon.colcon_core.shell:Skip shell extension 'powershell' for command environment: Not usable outside of PowerShell
[0.544s] DEBUG:colcon.colcon_core.shell:Skip shell extension 'dsv' for command environment
[0.877s] INFO:colcon.colcon_core.task.python.build:Building Python package in '/home/cszking/restaurant_ws/src/chef_pkg'
[0.878s] INFO:colcon.colcon_core.shell:Skip shell extension 'powershell' for command environment: Not usable outside of PowerShell
[0.878s] DEBUG:colcon.colcon_core.shell:Skip shell extension 'dsv' for command environment
[1.152s] INFO:colcon.colcon_core.task.python.build:Building Python package in '/home/cszking/restaurant_ws/src/guest_pkg'
[1.153s] INFO:colcon.colcon_core.shell:Skip shell extension 'powershell' for command environment: Not usable outside of PowerShell
[1.153s] DEBUG:colcon.colcon_core.shell:Skip shell extension 'dsv' for command environment
[1.592s] DEBUG:colcon.colcon_core.event_handler.log_command:Invoking command in '/home/cszking/restaurant_ws/src/chef_pkg': PYTHONPATH=/home/cszking/restaurant_ws/build/chef_pkg/prefix_override:/usr/lib/python3/dist-packages/colcon_core/task/python/colcon_distutils_commands:/home/cszking/restaurant_ws/install/chef_pkg/lib/python3.10/site-packages:${PYTHONPATH} /usr/bin/python3 -W ignore:setup.py install is deprecated -W ignore:easy_install command is deprecated setup.py egg_info --egg-base ../../build/chef_pkg build --build-base /home/cszking/restaurant_ws/build/chef_pkg/build install --record /home/cszking/restaurant_ws/build/chef_pkg/install.log --single-version-externally-managed install_data
[1.609s] DEBUG:colcon.colcon_core.event_handler.log_command:Invoking command in '/home/cszking/restaurant_ws/src/guest_pkg': PYTHONPATH=/home/cszking/restaurant_ws/build/guest_pkg/prefix_override:/usr/lib/python3/dist-packages/colcon_core/task/python/colcon_distutils_commands:/home/cszking/restaurant_ws/install/guest_pkg/lib/python3.10/site-packages:${PYTHONPATH} /usr/bin/python3 -W ignore:setup.py install is deprecated -W ignore:easy_install command is deprecated setup.py egg_info --egg-base ../../build/guest_pkg build --build-base /home/cszking/restaurant_ws/build/guest_pkg/build install --record /home/cszking/restaurant_ws/build/guest_pkg/install.log --single-version-externally-managed install_data
[1.970s] DEBUG:colcon.colcon_core.event_handler.log_command:Invoked command in '/home/cszking/restaurant_ws/src/chef_pkg' returned '0': PYTHONPATH=/home/cszking/restaurant_ws/build/chef_pkg/prefix_override:/usr/lib/python3/dist-packages/colcon_core/task/python/colcon_distutils_commands:/home/cszking/restaurant_ws/install/chef_pkg/lib/python3.10/site-packages:${PYTHONPATH} /usr/bin/python3 -W ignore:setup.py install is deprecated -W ignore:easy_install command is deprecated setup.py egg_info --egg-base ../../build/chef_pkg build --build-base /home/cszking/restaurant_ws/build/chef_pkg/build install --record /home/cszking/restaurant_ws/build/chef_pkg/install.log --single-version-externally-managed install_data
[1.977s] Level 1:colcon.colcon_core.environment:checking '/home/cszking/restaurant_ws/install/chef_pkg' for CMake module files
[1.978s] Level 1:colcon.colcon_core.environment:checking '/home/cszking/restaurant_ws/install/chef_pkg' for CMake config files
[1.979s] Level 1:colcon.colcon_core.environment:checking '/home/cszking/restaurant_ws/install/chef_pkg/lib'
[1.979s] Level 1:colcon.colcon_core.environment:checking '/home/cszking/restaurant_ws/install/chef_pkg/bin'
[1.979s] Level 1:colcon.colcon_core.environment:checking '/home/cszking/restaurant_ws/install/chef_pkg/lib/pkgconfig/chef_pkg.pc'
[1.979s] Level 1:colcon.colcon_core.environment:checking '/home/cszking/restaurant_ws/install/chef_pkg/lib/python3.10/site-packages'
[1.980s] Level 1:colcon.colcon_core.shell:create_environment_hook('chef_pkg', 'pythonpath')
[1.980s] INFO:colcon.colcon_core.shell:Creating environment hook '/home/cszking/restaurant_ws/install/chef_pkg/share/chef_pkg/hook/pythonpath.ps1'
[1.981s] INFO:colcon.colcon_core.shell:Creating environment descriptor '/home/cszking/restaurant_ws/install/chef_pkg/share/chef_pkg/hook/pythonpath.dsv'
[1.981s] INFO:colcon.colcon_core.shell:Creating environment hook '/home/cszking/restaurant_ws/install/chef_pkg/share/chef_pkg/hook/pythonpath.sh'
[1.982s] Level 1:colcon.colcon_core.environment:checking '/home/cszking/restaurant_ws/install/chef_pkg/bin'
[1.982s] Level 1:colcon.colcon_core.environment:create_environment_scripts_only(chef_pkg)
[1.983s] INFO:colcon.colcon_core.shell:Creating package script '/home/cszking/restaurant_ws/install/chef_pkg/share/chef_pkg/package.ps1'
[1.984s] INFO:colcon.colcon_core.shell:Creating package descriptor '/home/cszking/restaurant_ws/install/chef_pkg/share/chef_pkg/package.dsv'
[1.986s] INFO:colcon.colcon_core.shell:Creating package script '/home/cszking/restaurant_ws/install/chef_pkg/share/chef_pkg/package.sh'
[1.988s] INFO:colcon.colcon_core.shell:Creating package script '/home/cszking/restaurant_ws/install/chef_pkg/share/chef_pkg/package.bash'
[1.991s] INFO:colcon.colcon_core.shell:Creating package script '/home/cszking/restaurant_ws/install/chef_pkg/share/chef_pkg/package.zsh'
[1.992s] Level 1:colcon.colcon_core.environment:create_file_with_runtime_dependencies(/home/cszking/restaurant_ws/install/chef_pkg/share/colcon-core/packages/chef_pkg)
[1.993s] INFO:colcon.colcon_ros.task.ament_python.build:Building ROS package in '/home/cszking/restaurant_ws/src/restaurant_launch' with build type 'ament_python'
[1.993s] Level 1:colcon.colcon_core.shell:create_environment_hook('restaurant_launch', 'ament_prefix_path')
[1.993s] INFO:colcon.colcon_core.shell:Creating environment hook '/home/cszking/restaurant_ws/install/restaurant_launch/share/restaurant_launch/hook/ament_prefix_path.ps1'
[1.995s] INFO:colcon.colcon_core.shell:Creating environment descriptor '/home/cszking/restaurant_ws/install/restaurant_launch/share/restaurant_launch/hook/ament_prefix_path.dsv'
[1.996s] INFO:colcon.colcon_core.shell:Creating environment hook '/home/cszking/restaurant_ws/install/restaurant_launch/share/restaurant_launch/hook/ament_prefix_path.sh'
[1.997s] INFO:colcon.colcon_core.shell:Skip shell extension 'powershell' for command environment: Not usable outside of PowerShell
[1.997s] DEBUG:colcon.colcon_core.shell:Skip shell extension 'dsv' for command environment
[2.008s] Level 1:colcon.colcon_core.environment:checking '/home/cszking/restaurant_ws/install/guest_pkg' for CMake module files
[2.010s] DEBUG:colcon.colcon_core.event_handler.log_command:Invoked command in '/home/cszking/restaurant_ws/src/guest_pkg' returned '0': PYTHONPATH=/home/cszking/restaurant_ws/build/guest_pkg/prefix_override:/usr/lib/python3/dist-packages/colcon_core/task/python/colcon_distutils_commands:/home/cszking/restaurant_ws/install/guest_pkg/lib/python3.10/site-packages:${PYTHONPATH} /usr/bin/python3 -W ignore:setup.py install is deprecated -W ignore:easy_install command is deprecated setup.py egg_info --egg-base ../../build/guest_pkg build --build-base /home/cszking/restaurant_ws/build/guest_pkg/build install --record /home/cszking/restaurant_ws/build/guest_pkg/install.log --single-version-externally-managed install_data
[2.010s] Level 1:colcon.colcon_core.environment:checking '/home/cszking/restaurant_ws/install/guest_pkg' for CMake config files
[2.011s] Level 1:colcon.colcon_core.environment:checking '/home/cszking/restaurant_ws/install/guest_pkg/lib'
[2.012s] Level 1:colcon.colcon_core.environment:checking '/home/cszking/restaurant_ws/install/guest_pkg/bin'
[2.012s] Level 1:colcon.colcon_core.environment:checking '/home/cszking/restaurant_ws/install/guest_pkg/lib/pkgconfig/guest_pkg.pc'
[2.012s] Level 1:colcon.colcon_core.environment:checking '/home/cszking/restaurant_ws/install/guest_pkg/lib/python3.10/site-packages'
[2.013s] Level 1:colcon.colcon_core.shell:create_environment_hook('guest_pkg', 'pythonpath')
[2.013s] INFO:colcon.colcon_core.shell:Creating environment hook '/home/cszking/restaurant_ws/install/guest_pkg/share/guest_pkg/hook/pythonpath.ps1'
[2.014s] INFO:colcon.colcon_core.shell:Creating environment descriptor '/home/cszking/restaurant_ws/install/guest_pkg/share/guest_pkg/hook/pythonpath.dsv'
[2.015s] INFO:colcon.colcon_core.shell:Creating environment hook '/home/cszking/restaurant_ws/install/guest_pkg/share/guest_pkg/hook/pythonpath.sh'
[2.016s] Level 1:colcon.colcon_core.environment:checking '/home/cszking/restaurant_ws/install/guest_pkg/bin'
[2.017s] Level 1:colcon.colcon_core.environment:create_environment_scripts_only(guest_pkg)
[2.017s] INFO:colcon.colcon_core.shell:Creating package script '/home/cszking/restaurant_ws/install/guest_pkg/share/guest_pkg/package.ps1'
[2.018s] INFO:colcon.colcon_core.shell:Creating package descriptor '/home/cszking/restaurant_ws/install/guest_pkg/share/guest_pkg/package.dsv'
[2.018s] INFO:colcon.colcon_core.shell:Creating package script '/home/cszking/restaurant_ws/install/guest_pkg/share/guest_pkg/package.sh'
[2.019s] INFO:colcon.colcon_core.shell:Creating package script '/home/cszking/restaurant_ws/install/guest_pkg/share/guest_pkg/package.bash'
[2.020s] INFO:colcon.colcon_core.shell:Creating package script '/home/cszking/restaurant_ws/install/guest_pkg/share/guest_pkg/package.zsh'
[2.020s] Level 1:colcon.colcon_core.environment:create_file_with_runtime_dependencies(/home/cszking/restaurant_ws/install/guest_pkg/share/colcon-core/packages/guest_pkg)
[2.021s] INFO:colcon.colcon_ros.task.ament_python.build:Building ROS package in '/home/cszking/restaurant_ws/src/waiter_pkg' with build type 'ament_python'
[2.021s] Level 1:colcon.colcon_core.shell:create_environment_hook('waiter_pkg', 'ament_prefix_path')
[2.021s] INFO:colcon.colcon_core.shell:Creating environment hook '/home/cszking/restaurant_ws/install/waiter_pkg/share/waiter_pkg/hook/ament_prefix_path.ps1'
[2.023s] INFO:colcon.colcon_core.shell:Creating environment descriptor '/home/cszking/restaurant_ws/install/waiter_pkg/share/waiter_pkg/hook/ament_prefix_path.dsv'
[2.023s] INFO:colcon.colcon_core.shell:Creating environment hook '/home/cszking/restaurant_ws/install/waiter_pkg/share/waiter_pkg/hook/ament_prefix_path.sh'
[2.024s] INFO:colcon.colcon_core.shell:Skip shell extension 'powershell' for command environment: Not usable outside of PowerShell
[2.024s] DEBUG:colcon.colcon_core.shell:Skip shell extension 'dsv' for command environment
[2.303s] INFO:colcon.colcon_core.task.python.build:Building Python package in '/home/cszking/restaurant_ws/src/restaurant_launch'
[2.303s] INFO:colcon.colcon_core.shell:Skip shell extension 'powershell' for command environment: Not usable outside of PowerShell
[2.304s] DEBUG:colcon.colcon_core.shell:Skip shell extension 'dsv' for command environment
[2.549s] INFO:colcon.colcon_core.task.python.build:Building Python package in '/home/cszking/restaurant_ws/src/waiter_pkg'
[2.549s] INFO:colcon.colcon_core.shell:Skip shell extension 'powershell' for command environment: Not usable outside of PowerShell
[2.550s] DEBUG:colcon.colcon_core.shell:Skip shell extension 'dsv' for command environment
[2.929s] DEBUG:colcon.colcon_core.event_handler.log_command:Invoking command in '/home/cszking/restaurant_ws/src/waiter_pkg': PYTHONPATH=/home/cszking/restaurant_ws/build/waiter_pkg/prefix_override:/usr/lib/python3/dist-packages/colcon_core/task/python/colcon_distutils_commands:/home/cszking/restaurant_ws/install/waiter_pkg/lib/python3.10/site-packages:${PYTHONPATH} /usr/bin/python3 -W ignore:setup.py install is deprecated -W ignore:easy_install command is deprecated setup.py egg_info --egg-base ../../build/waiter_pkg build --build-base /home/cszking/restaurant_ws/build/waiter_pkg/build install --record /home/cszking/restaurant_ws/build/waiter_pkg/install.log --single-version-externally-managed install_data
[2.993s] DEBUG:colcon.colcon_core.event_handler.log_command:Invoking command in '/home/cszking/restaurant_ws/src/restaurant_launch': PYTHONPATH=/home/cszking/restaurant_ws/build/restaurant_launch/prefix_override:/usr/lib/python3/dist-packages/colcon_core/task/python/colcon_distutils_commands:/home/cszking/restaurant_ws/install/restaurant_launch/lib/python3.10/site-packages:${PYTHONPATH} /usr/bin/python3 -W ignore:setup.py install is deprecated -W ignore:easy_install command is deprecated setup.py egg_info --egg-base ../../build/restaurant_launch build --build-base /home/cszking/restaurant_ws/build/restaurant_launch/build install --record /home/cszking/restaurant_ws/build/restaurant_launch/install.log --single-version-externally-managed install_data
[3.308s] Level 1:colcon.colcon_core.environment:checking '/home/cszking/restaurant_ws/install/waiter_pkg' for CMake module files
[3.309s] Level 1:colcon.colcon_core.environment:checking '/home/cszking/restaurant_ws/install/waiter_pkg' for CMake config files
[3.309s] DEBUG:colcon.colcon_core.event_handler.log_command:Invoked command in '/home/cszking/restaurant_ws/src/waiter_pkg' returned '0': PYTHONPATH=/home/cszking/restaurant_ws/build/waiter_pkg/prefix_override:/usr/lib/python3/dist-packages/colcon_core/task/python/colcon_distutils_commands:/home/cszking/restaurant_ws/install/waiter_pkg/lib/python3.10/site-packages:${PYTHONPATH} /usr/bin/python3 -W ignore:setup.py install is deprecated -W ignore:easy_install command is deprecated setup.py egg_info --egg-base ../../build/waiter_pkg build --build-base /home/cszking/restaurant_ws/build/waiter_pkg/build install --record /home/cszking/restaurant_ws/build/waiter_pkg/install.log --single-version-externally-managed install_data
[3.311s] Level 1:colcon.colcon_core.environment:checking '/home/cszking/restaurant_ws/install/waiter_pkg/lib'
[3.311s] Level 1:colcon.colcon_core.environment:checking '/home/cszking/restaurant_ws/install/waiter_pkg/bin'
[3.311s] Level 1:colcon.colcon_core.environment:checking '/home/cszking/restaurant_ws/install/waiter_pkg/lib/pkgconfig/waiter_pkg.pc'
[3.311s] Level 1:colcon.colcon_core.environment:checking '/home/cszking/restaurant_ws/install/waiter_pkg/lib/python3.10/site-packages'
[3.311s] Level 1:colcon.colcon_core.shell:create_environment_hook('waiter_pkg', 'pythonpath')
[3.311s] INFO:colcon.colcon_core.shell:Creating environment hook '/home/cszking/restaurant_ws/install/waiter_pkg/share/waiter_pkg/hook/pythonpath.ps1'
[3.312s] INFO:colcon.colcon_core.shell:Creating environment descriptor '/home/cszking/restaurant_ws/install/waiter_pkg/share/waiter_pkg/hook/pythonpath.dsv'
[3.313s] INFO:colcon.colcon_core.shell:Creating environment hook '/home/cszking/restaurant_ws/install/waiter_pkg/share/waiter_pkg/hook/pythonpath.sh'
[3.313s] Level 1:colcon.colcon_core.environment:checking '/home/cszking/restaurant_ws/install/waiter_pkg/bin'
[3.313s] Level 1:colcon.colcon_core.environment:create_environment_scripts_only(waiter_pkg)
[3.313s] INFO:colcon.colcon_core.shell:Creating package script '/home/cszking/restaurant_ws/install/waiter_pkg/share/waiter_pkg/package.ps1'
[3.314s] INFO:colcon.colcon_core.shell:Creating package descriptor '/home/cszking/restaurant_ws/install/waiter_pkg/share/waiter_pkg/package.dsv'
[3.315s] INFO:colcon.colcon_core.shell:Creating package script '/home/cszking/restaurant_ws/install/waiter_pkg/share/waiter_pkg/package.sh'
[3.315s] INFO:colcon.colcon_core.shell:Creating package script '/home/cszking/restaurant_ws/install/waiter_pkg/share/waiter_pkg/package.bash'
[3.316s] INFO:colcon.colcon_core.shell:Creating package script '/home/cszking/restaurant_ws/install/waiter_pkg/share/waiter_pkg/package.zsh'
[3.316s] Level 1:colcon.colcon_core.environment:create_file_with_runtime_dependencies(/home/cszking/restaurant_ws/install/waiter_pkg/share/colcon-core/packages/waiter_pkg)
[3.340s] Level 1:colcon.colcon_core.environment:checking '/home/cszking/restaurant_ws/install/restaurant_launch' for CMake module files
[3.341s] DEBUG:colcon.colcon_core.event_handler.log_command:Invoked command in '/home/cszking/restaurant_ws/src/restaurant_launch' returned '0': PYTHONPATH=/home/cszking/restaurant_ws/build/restaurant_launch/prefix_override:/usr/lib/python3/dist-packages/colcon_core/task/python/colcon_distutils_commands:/home/cszking/restaurant_ws/install/restaurant_launch/lib/python3.10/site-packages:${PYTHONPATH} /usr/bin/python3 -W ignore:setup.py install is deprecated -W ignore:easy_install command is deprecated setup.py egg_info --egg-base ../../build/restaurant_launch build --build-base /home/cszking/restaurant_ws/build/restaurant_launch/build install --record /home/cszking/restaurant_ws/build/restaurant_launch/install.log --single-version-externally-managed install_data
[3.341s] Level 1:colcon.colcon_core.environment:checking '/home/cszking/restaurant_ws/install/restaurant_launch' for CMake config files
[3.343s] Level 1:colcon.colcon_core.environment:checking '/home/cszking/restaurant_ws/install/restaurant_launch/lib'
[3.343s] Level 1:colcon.colcon_core.environment:checking '/home/cszking/restaurant_ws/install/restaurant_launch/bin'
[3.343s] Level 1:colcon.colcon_core.environment:checking '/home/cszking/restaurant_ws/install/restaurant_launch/lib/pkgconfig/restaurant_launch.pc'
[3.343s] Level 1:colcon.colcon_core.environment:checking '/home/cszking/restaurant_ws/install/restaurant_launch/lib/python3.10/site-packages'
[3.343s] Level 1:colcon.colcon_core.shell:create_environment_hook('restaurant_launch', 'pythonpath')
[3.343s] INFO:colcon.colcon_core.shell:Creating environment hook '/home/cszking/restaurant_ws/install/restaurant_launch/share/restaurant_launch/hook/pythonpath.ps1'
[3.344s] INFO:colcon.colcon_core.shell:Creating environment descriptor '/home/cszking/restaurant_ws/install/restaurant_launch/share/restaurant_launch/hook/pythonpath.dsv'
[3.344s] INFO:colcon.colcon_core.shell:Creating environment hook '/home/cszking/restaurant_ws/install/restaurant_launch/share/restaurant_launch/hook/pythonpath.sh'
[3.345s] Level 1:colcon.colcon_core.environment:checking '/home/cszking/restaurant_ws/install/restaurant_launch/bin'
[3.345s] Level 1:colcon.colcon_core.environment:create_environment_scripts_only(restaurant_launch)
[3.345s] INFO:colcon.colcon_core.shell:Creating package script '/home/cszking/restaurant_ws/install/restaurant_launch/share/restaurant_launch/package.ps1'
[3.346s] INFO:colcon.colcon_core.shell:Creating package descriptor '/home/cszking/restaurant_ws/install/restaurant_launch/share/restaurant_launch/package.dsv'
[3.346s] INFO:colcon.colcon_core.shell:Creating package script '/home/cszking/restaurant_ws/install/restaurant_launch/share/restaurant_launch/package.sh'
[3.347s] INFO:colcon.colcon_core.shell:Creating package script '/home/cszking/restaurant_ws/install/restaurant_launch/share/restaurant_launch/package.bash'
[3.347s] INFO:colcon.colcon_core.shell:Creating package script '/home/cszking/restaurant_ws/install/restaurant_launch/share/restaurant_launch/package.zsh'
[3.348s] Level 1:colcon.colcon_core.environment:create_file_with_runtime_dependencies(/home/cszking/restaurant_ws/install/restaurant_launch/share/colcon-core/packages/restaurant_launch)
[3.348s] DEBUG:colcon.colcon_parallel_executor.executor.parallel:closing loop
[3.349s] DEBUG:colcon.colcon_parallel_executor.executor.parallel:loop closed
[3.349s] DEBUG:colcon.colcon_parallel_executor.executor.parallel:run_until_complete finished with '0'
[3.349s] DEBUG:colcon.colcon_core.event_reactor:joining thread
[3.362s] INFO:colcon.colcon_core.plugin_system:Skipping extension 'colcon_notification.desktop_notification.terminal_notifier': Not used on non-Darwin systems
[3.363s] INFO:colcon.colcon_core.plugin_system:Skipping extension 'colcon_notification.desktop_notification.win32': Not used on non-Windows systems
[3.363s] INFO:colcon.colcon_notification.desktop_notification:Sending desktop notification using 'notify2'
[3.693s] DEBUG:colcon.colcon_core.event_reactor:joined thread
[3.693s] INFO:colcon.colcon_core.shell:Creating prefix script '/home/cszking/restaurant_ws/install/local_setup.ps1'
[3.696s] INFO:colcon.colcon_core.shell:Creating prefix util module '/home/cszking/restaurant_ws/install/_local_setup_util_ps1.py'
[3.700s] INFO:colcon.colcon_core.shell:Creating prefix chain script '/home/cszking/restaurant_ws/install/setup.ps1'
[3.704s] INFO:colcon.colcon_core.shell:Creating prefix script '/home/cszking/restaurant_ws/install/local_setup.sh'
[3.706s] INFO:colcon.colcon_core.shell:Creating prefix util module '/home/cszking/restaurant_ws/install/_local_setup_util_sh.py'
[3.708s] INFO:colcon.colcon_core.shell:Creating prefix chain script '/home/cszking/restaurant_ws/install/setup.sh'
[3.711s] INFO:colcon.colcon_core.shell:Creating prefix script '/home/cszking/restaurant_ws/install/local_setup.bash'
[3.713s] INFO:colcon.colcon_core.shell:Creating prefix chain script '/home/cszking/restaurant_ws/install/setup.bash'
[3.716s] INFO:colcon.colcon_core.shell:Creating prefix script '/home/cszking/restaurant_ws/install/local_setup.zsh'
[3.718s] INFO:colcon.colcon_core.shell:Creating prefix chain script '/home/cszking/restaurant_ws/install/setup.zsh'
