running egg_info
writing ../../build/chef_pkg/chef_pkg.egg-info/PKG-INFO
writing dependency_links to ../../build/chef_pkg/chef_pkg.egg-info/dependency_links.txt
writing entry points to ../../build/chef_pkg/chef_pkg.egg-info/entry_points.txt
writing requirements to ../../build/chef_pkg/chef_pkg.egg-info/requires.txt
writing top-level names to ../../build/chef_pkg/chef_pkg.egg-info/top_level.txt
reading manifest file '../../build/chef_pkg/chef_pkg.egg-info/SOURCES.txt'
adding license file 'LICENSE'
writing manifest file '../../build/chef_pkg/chef_pkg.egg-info/SOURCES.txt'
running build
running build_py
copying chef_pkg/__init__.py -> /home/cszking/restaurant_ws/build/chef_pkg/build/lib/chef_pkg
copying chef_pkg/chef_node.py -> /home/cszking/restaurant_ws/build/chef_pkg/build/lib/chef_pkg
running install
running install_lib
copying /home/cszking/restaurant_ws/build/chef_pkg/build/lib/chef_pkg/__init__.py -> /home/cszking/restaurant_ws/install/chef_pkg/lib/python3.10/site-packages/chef_pkg
copying /home/cszking/restaurant_ws/build/chef_pkg/build/lib/chef_pkg/chef_node.py -> /home/cszking/restaurant_ws/install/chef_pkg/lib/python3.10/site-packages/chef_pkg
byte-compiling /home/cszking/restaurant_ws/install/chef_pkg/lib/python3.10/site-packages/chef_pkg/__init__.py to __init__.cpython-310.pyc
byte-compiling /home/cszking/restaurant_ws/install/chef_pkg/lib/python3.10/site-packages/chef_pkg/chef_node.py to chef_node.cpython-310.pyc
running install_data
copying resource/chef_pkg -> /home/cszking/restaurant_ws/install/chef_pkg/share/ament_index/resource_index/packages
copying package.xml -> /home/cszking/restaurant_ws/install/chef_pkg/share/chef_pkg
copying launch/chef.launch.py -> /home/cszking/restaurant_ws/install/chef_pkg/share/chef_pkg/launch
running install_egg_info
removing '/home/cszking/restaurant_ws/install/chef_pkg/lib/python3.10/site-packages/chef_pkg-0.0.0-py3.10.egg-info' (and everything under it)
Copying ../../build/chef_pkg/chef_pkg.egg-info to /home/cszking/restaurant_ws/install/chef_pkg/lib/python3.10/site-packages/chef_pkg-0.0.0-py3.10.egg-info
running install_scripts
Installing chef_node script to /home/cszking/restaurant_ws/install/chef_pkg/lib/chef_pkg
writing list of installed files to '/home/cszking/restaurant_ws/build/chef_pkg/install.log'
