[1.070s] Invoking command in '/home/cszking/restaurant_ws/src/chef_pkg': PYTHONPATH=/home/cszking/restaurant_ws/build/chef_pkg/prefix_override:/usr/lib/python3/dist-packages/colcon_core/task/python/colcon_distutils_commands:/home/cszking/restaurant_ws/install/chef_pkg/lib/python3.10/site-packages:${PYTHONPATH} /usr/bin/python3 -W ignore:setup.py install is deprecated -W ignore:easy_install command is deprecated setup.py egg_info --egg-base ../../build/chef_pkg build --build-base /home/cszking/restaurant_ws/build/chef_pkg/build install --record /home/cszking/restaurant_ws/build/chef_pkg/install.log --single-version-externally-managed install_data
[1.347s] running egg_info
[1.348s] writing ../../build/chef_pkg/chef_pkg.egg-info/PKG-INFO
[1.349s] writing dependency_links to ../../build/chef_pkg/chef_pkg.egg-info/dependency_links.txt
[1.351s] writing entry points to ../../build/chef_pkg/chef_pkg.egg-info/entry_points.txt
[1.351s] writing requirements to ../../build/chef_pkg/chef_pkg.egg-info/requires.txt
[1.352s] writing top-level names to ../../build/chef_pkg/chef_pkg.egg-info/top_level.txt
[1.355s] reading manifest file '../../build/chef_pkg/chef_pkg.egg-info/SOURCES.txt'
[1.357s] adding license file 'LICENSE'
[1.357s] writing manifest file '../../build/chef_pkg/chef_pkg.egg-info/SOURCES.txt'
[1.358s] running build
[1.359s] running build_py
[1.360s] copying chef_pkg/__init__.py -> /home/cszking/restaurant_ws/build/chef_pkg/build/lib/chef_pkg
[1.360s] copying chef_pkg/chef_node.py -> /home/cszking/restaurant_ws/build/chef_pkg/build/lib/chef_pkg
[1.362s] running install
[1.362s] running install_lib
[1.363s] copying /home/cszking/restaurant_ws/build/chef_pkg/build/lib/chef_pkg/__init__.py -> /home/cszking/restaurant_ws/install/chef_pkg/lib/python3.10/site-packages/chef_pkg
[1.364s] copying /home/cszking/restaurant_ws/build/chef_pkg/build/lib/chef_pkg/chef_node.py -> /home/cszking/restaurant_ws/install/chef_pkg/lib/python3.10/site-packages/chef_pkg
[1.366s] byte-compiling /home/cszking/restaurant_ws/install/chef_pkg/lib/python3.10/site-packages/chef_pkg/__init__.py to __init__.cpython-310.pyc
[1.367s] byte-compiling /home/cszking/restaurant_ws/install/chef_pkg/lib/python3.10/site-packages/chef_pkg/chef_node.py to chef_node.cpython-310.pyc
[1.369s] running install_data
[1.369s] copying resource/chef_pkg -> /home/cszking/restaurant_ws/install/chef_pkg/share/ament_index/resource_index/packages
[1.370s] copying package.xml -> /home/cszking/restaurant_ws/install/chef_pkg/share/chef_pkg
[1.370s] copying launch/chef.launch.py -> /home/cszking/restaurant_ws/install/chef_pkg/share/chef_pkg/launch
[1.371s] running install_egg_info
[1.374s] removing '/home/cszking/restaurant_ws/install/chef_pkg/lib/python3.10/site-packages/chef_pkg-0.0.0-py3.10.egg-info' (and everything under it)
[1.379s] Copying ../../build/chef_pkg/chef_pkg.egg-info to /home/cszking/restaurant_ws/install/chef_pkg/lib/python3.10/site-packages/chef_pkg-0.0.0-py3.10.egg-info
[1.382s] running install_scripts
[1.416s] Installing chef_node script to /home/cszking/restaurant_ws/install/chef_pkg/lib/chef_pkg
[1.417s] writing list of installed files to '/home/cszking/restaurant_ws/build/chef_pkg/install.log'
[1.448s] Invoked command in '/home/cszking/restaurant_ws/src/chef_pkg' returned '0': PYTHONPATH=/home/cszking/restaurant_ws/build/chef_pkg/prefix_override:/usr/lib/python3/dist-packages/colcon_core/task/python/colcon_distutils_commands:/home/cszking/restaurant_ws/install/chef_pkg/lib/python3.10/site-packages:${PYTHONPATH} /usr/bin/python3 -W ignore:setup.py install is deprecated -W ignore:easy_install command is deprecated setup.py egg_info --egg-base ../../build/chef_pkg build --build-base /home/cszking/restaurant_ws/build/chef_pkg/build install --record /home/cszking/restaurant_ws/build/chef_pkg/install.log --single-version-externally-managed install_data
