running egg_info
creating ../../build/restaurant_launch/restaurant_launch.egg-info
writing ../../build/restaurant_launch/restaurant_launch.egg-info/PKG-INFO
writing dependency_links to ../../build/restaurant_launch/restaurant_launch.egg-info/dependency_links.txt
writing entry points to ../../build/restaurant_launch/restaurant_launch.egg-info/entry_points.txt
writing requirements to ../../build/restaurant_launch/restaurant_launch.egg-info/requires.txt
writing top-level names to ../../build/restaurant_launch/restaurant_launch.egg-info/top_level.txt
writing manifest file '../../build/restaurant_launch/restaurant_launch.egg-info/SOURCES.txt'
reading manifest file '../../build/restaurant_launch/restaurant_launch.egg-info/SOURCES.txt'
adding license file 'LICENSE'
writing manifest file '../../build/restaurant_launch/restaurant_launch.egg-info/SOURCES.txt'
running build
running build_py
creating /home/zyx/restaurant_ws/build/restaurant_launch/build
creating /home/zyx/restaurant_ws/build/restaurant_launch/build/lib
creating /home/zyx/restaurant_ws/build/restaurant_launch/build/lib/restaurant_launch
copying restaurant_launch/__init__.py -> /home/zyx/restaurant_ws/build/restaurant_launch/build/lib/restaurant_launch
running install
running install_lib
creating /home/zyx/restaurant_ws/install/restaurant_launch/lib/python3.10/site-packages/restaurant_launch
copying /home/zyx/restaurant_ws/build/restaurant_launch/build/lib/restaurant_launch/__init__.py -> /home/zyx/restaurant_ws/install/restaurant_launch/lib/python3.10/site-packages/restaurant_launch
byte-compiling /home/zyx/restaurant_ws/install/restaurant_launch/lib/python3.10/site-packages/restaurant_launch/__init__.py to __init__.cpython-310.pyc
running install_data
creating /home/zyx/restaurant_ws/install/restaurant_launch/share/ament_index
creating /home/zyx/restaurant_ws/install/restaurant_launch/share/ament_index/resource_index
creating /home/zyx/restaurant_ws/install/restaurant_launch/share/ament_index/resource_index/packages
copying resource/restaurant_launch -> /home/zyx/restaurant_ws/install/restaurant_launch/share/ament_index/resource_index/packages
copying package.xml -> /home/zyx/restaurant_ws/install/restaurant_launch/share/restaurant_launch
running install_egg_info
Copying ../../build/restaurant_launch/restaurant_launch.egg-info to /home/zyx/restaurant_ws/install/restaurant_launch/lib/python3.10/site-packages/restaurant_launch-0.0.0-py3.10.egg-info
running install_scripts
writing list of installed files to '/home/zyx/restaurant_ws/build/restaurant_launch/install.log'
