[2.469s] Invoking command in '/home/zyx/restaurant_ws/src/restaurant_launch': PYTHONPATH=/home/zyx/restaurant_ws/build/restaurant_launch/prefix_override:/usr/lib/python3/dist-packages/colcon_core/task/python/colcon_distutils_commands:/home/zyx/restaurant_ws/install/restaurant_launch/lib/python3.10/site-packages:${PYTHONPATH} /usr/bin/python3 -W ignore:setup.py install is deprecated -W ignore:easy_install command is deprecated setup.py egg_info --egg-base ../../build/restaurant_launch build --build-base /home/zyx/restaurant_ws/build/restaurant_launch/build install --record /home/zyx/restaurant_ws/build/restaurant_launch/install.log --single-version-externally-managed install_data
[2.811s] running egg_info
[2.812s] creating ../../build/restaurant_launch/restaurant_launch.egg-info
[2.812s] writing ../../build/restaurant_launch/restaurant_launch.egg-info/PKG-INFO
[2.812s] writing dependency_links to ../../build/restaurant_launch/restaurant_launch.egg-info/dependency_links.txt
[2.814s] writing entry points to ../../build/restaurant_launch/restaurant_launch.egg-info/entry_points.txt
[2.815s] writing requirements to ../../build/restaurant_launch/restaurant_launch.egg-info/requires.txt
[2.815s] writing top-level names to ../../build/restaurant_launch/restaurant_launch.egg-info/top_level.txt
[2.815s] writing manifest file '../../build/restaurant_launch/restaurant_launch.egg-info/SOURCES.txt'
[2.816s] reading manifest file '../../build/restaurant_launch/restaurant_launch.egg-info/SOURCES.txt'
[2.816s] adding license file 'LICENSE'
[2.817s] writing manifest file '../../build/restaurant_launch/restaurant_launch.egg-info/SOURCES.txt'
[2.817s] running build
[2.817s] running build_py
[2.818s] creating /home/zyx/restaurant_ws/build/restaurant_launch/build
[2.818s] creating /home/zyx/restaurant_ws/build/restaurant_launch/build/lib
[2.818s] creating /home/zyx/restaurant_ws/build/restaurant_launch/build/lib/restaurant_launch
[2.818s] copying restaurant_launch/__init__.py -> /home/zyx/restaurant_ws/build/restaurant_launch/build/lib/restaurant_launch
[2.818s] running install
[2.819s] running install_lib
[2.822s] creating /home/zyx/restaurant_ws/install/restaurant_launch/lib/python3.10/site-packages/restaurant_launch
[2.822s] copying /home/zyx/restaurant_ws/build/restaurant_launch/build/lib/restaurant_launch/__init__.py -> /home/zyx/restaurant_ws/install/restaurant_launch/lib/python3.10/site-packages/restaurant_launch
[2.822s] byte-compiling /home/zyx/restaurant_ws/install/restaurant_launch/lib/python3.10/site-packages/restaurant_launch/__init__.py to __init__.cpython-310.pyc
[2.822s] running install_data
[2.822s] creating /home/zyx/restaurant_ws/install/restaurant_launch/share/ament_index
[2.822s] creating /home/zyx/restaurant_ws/install/restaurant_launch/share/ament_index/resource_index
[2.822s] creating /home/zyx/restaurant_ws/install/restaurant_launch/share/ament_index/resource_index/packages
[2.822s] copying resource/restaurant_launch -> /home/zyx/restaurant_ws/install/restaurant_launch/share/ament_index/resource_index/packages
[2.822s] copying package.xml -> /home/zyx/restaurant_ws/install/restaurant_launch/share/restaurant_launch
[2.822s] running install_egg_info
[2.824s] Copying ../../build/restaurant_launch/restaurant_launch.egg-info to /home/zyx/restaurant_ws/install/restaurant_launch/lib/python3.10/site-packages/restaurant_launch-0.0.0-py3.10.egg-info
[2.826s] running install_scripts
[2.875s] writing list of installed files to '/home/zyx/restaurant_ws/build/restaurant_launch/install.log'
[3.063s] Invoked command in '/home/zyx/restaurant_ws/src/restaurant_launch' returned '0': PYTHONPATH=/home/zyx/restaurant_ws/build/restaurant_launch/prefix_override:/usr/lib/python3/dist-packages/colcon_core/task/python/colcon_distutils_commands:/home/zyx/restaurant_ws/install/restaurant_launch/lib/python3.10/site-packages:${PYTHONPATH} /usr/bin/python3 -W ignore:setup.py install is deprecated -W ignore:easy_install command is deprecated setup.py egg_info --egg-base ../../build/restaurant_launch build --build-base /home/zyx/restaurant_ws/build/restaurant_launch/build install --record /home/zyx/restaurant_ws/build/restaurant_launch/install.log --single-version-externally-managed install_data
