[1.630s] Invoking command in '/home/zyx/restaurant_ws/src/guest_pkg': PYTHONPATH=/home/zyx/restaurant_ws/build/guest_pkg/prefix_override:/usr/lib/python3/dist-packages/colcon_core/task/python/colcon_distutils_commands:/home/zyx/restaurant_ws/install/guest_pkg/lib/python3.10/site-packages:${PYTHONPATH} /usr/bin/python3 -W ignore:setup.py install is deprecated -W ignore:easy_install command is deprecated setup.py egg_info --egg-base ../../build/guest_pkg build --build-base /home/zyx/restaurant_ws/build/guest_pkg/build install --record /home/zyx/restaurant_ws/build/guest_pkg/install.log --single-version-externally-managed install_data
[2.158s] running egg_info
[2.158s] writing ../../build/guest_pkg/guest_pkg.egg-info/PKG-INFO
[2.158s] writing dependency_links to ../../build/guest_pkg/guest_pkg.egg-info/dependency_links.txt
[2.158s] writing entry points to ../../build/guest_pkg/guest_pkg.egg-info/entry_points.txt
[2.158s] writing requirements to ../../build/guest_pkg/guest_pkg.egg-info/requires.txt
[2.158s] writing top-level names to ../../build/guest_pkg/guest_pkg.egg-info/top_level.txt
[2.161s] reading manifest file '../../build/guest_pkg/guest_pkg.egg-info/SOURCES.txt'
[2.161s] adding license file 'LICENSE'
[2.161s] writing manifest file '../../build/guest_pkg/guest_pkg.egg-info/SOURCES.txt'
[2.165s] running build
[2.165s] running build_py
[2.165s] running install
[2.169s] running install_lib
[2.175s] running install_data
[2.175s] running install_egg_info
[2.177s] removing '/home/zyx/restaurant_ws/install/guest_pkg/lib/python3.10/site-packages/guest_pkg-0.0.0-py3.10.egg-info' (and everything under it)
[2.177s] Copying ../../build/guest_pkg/guest_pkg.egg-info to /home/zyx/restaurant_ws/install/guest_pkg/lib/python3.10/site-packages/guest_pkg-0.0.0-py3.10.egg-info
[2.183s] running install_scripts
[2.225s] Installing guest_node script to /home/zyx/restaurant_ws/install/guest_pkg/lib/guest_pkg
[2.227s] writing list of installed files to '/home/zyx/restaurant_ws/build/guest_pkg/install.log'
[2.320s] Invoked command in '/home/zyx/restaurant_ws/src/guest_pkg' returned '0': PYTHONPATH=/home/zyx/restaurant_ws/build/guest_pkg/prefix_override:/usr/lib/python3/dist-packages/colcon_core/task/python/colcon_distutils_commands:/home/zyx/restaurant_ws/install/guest_pkg/lib/python3.10/site-packages:${PYTHONPATH} /usr/bin/python3 -W ignore:setup.py install is deprecated -W ignore:easy_install command is deprecated setup.py egg_info --egg-base ../../build/guest_pkg build --build-base /home/zyx/restaurant_ws/build/guest_pkg/build install --record /home/zyx/restaurant_ws/build/guest_pkg/install.log --single-version-externally-managed install_data
