[0.154s] DEBUG:colcon:Command line arguments: ['/usr/bin/colcon', 'list', '-p', '--base-paths', '/home/zyx/restaurant_ws']
[0.154s] DEBUG:colcon:Parsed command line arguments: Namespace(log_base=None, log_level=None, verb_name='list', build_base='build', ignore_user_meta=False, metas=['./colcon.meta'], base_paths=['/home/zyx/restaurant_ws'], packages_ignore=None, packages_ignore_regex=None, paths=None, packages_up_to=None, packages_up_to_regex=None, packages_above=None, packages_above_and_dependencies=None, packages_above_depth=None, packages_select_by_dep=None, packages_skip_by_dep=None, packages_skip_up_to=None, packages_select_build_failed=False, packages_skip_build_finished=False, packages_select_test_failures=False, packages_skip_test_passed=False, packages_select=None, packages_skip=None, packages_select_regex=None, packages_skip_regex=None, packages_start=None, packages_end=None, allow_overriding=[], topological_order=False, names_only=False, paths_only=True, topological_graph=False, topological_graph_dot=False, topological_graph_density=False, topological_graph_legend=False, topological_graph_dot_cluster=False, topological_graph_dot_include_skipped=False, verb_parser=<colcon_defaults.argument_parser.defaults.DefaultArgumentsDecorator object at 0x77863f16c040>, verb_extension=<colcon_package_information.verb.list.ListVerb object at 0x77863f127ac0>, main=<bound method ListVerb.main of <colcon_package_information.verb.list.ListVerb object at 0x77863f127ac0>>)
[0.319s] Level 1:colcon.colcon_core.package_discovery:discover_packages(colcon_meta) check parameters
[0.319s] Level 1:colcon.colcon_core.package_discovery:discover_packages(recursive) check parameters
[0.319s] Level 1:colcon.colcon_core.package_discovery:discover_packages(ignore) check parameters
[0.319s] Level 1:colcon.colcon_core.package_discovery:discover_packages(path) check parameters
[0.319s] Level 1:colcon.colcon_core.package_discovery:discover_packages(recursive) discover
[0.319s] INFO:colcon.colcon_core.package_discovery:Crawling recursively for packages in '/home/zyx/restaurant_ws'
[0.319s] Level 1:colcon.colcon_core.package_identification:_identify(/home/zyx/restaurant_ws) by extensions ['ignore', 'ignore_ament_install']
[0.319s] Level 1:colcon.colcon_core.package_identification:_identify(/home/zyx/restaurant_ws) by extension 'ignore'
[0.319s] Level 1:colcon.colcon_core.package_identification:_identify(/home/zyx/restaurant_ws) by extension 'ignore_ament_install'
[0.319s] Level 1:colcon.colcon_core.package_identification:_identify(/home/zyx/restaurant_ws) by extensions ['colcon_pkg']
[0.319s] Level 1:colcon.colcon_core.package_identification:_identify(/home/zyx/restaurant_ws) by extension 'colcon_pkg'
[0.319s] Level 1:colcon.colcon_core.package_identification:_identify(/home/zyx/restaurant_ws) by extensions ['colcon_meta']
[0.319s] Level 1:colcon.colcon_core.package_identification:_identify(/home/zyx/restaurant_ws) by extension 'colcon_meta'
[0.320s] Level 1:colcon.colcon_core.package_identification:_identify(/home/zyx/restaurant_ws) by extensions ['ros']
[0.320s] Level 1:colcon.colcon_core.package_identification:_identify(/home/zyx/restaurant_ws) by extension 'ros'
[0.334s] Level 1:colcon.colcon_core.package_identification:_identify(/home/zyx/restaurant_ws) by extensions ['cmake', 'python']
[0.334s] Level 1:colcon.colcon_core.package_identification:_identify(/home/zyx/restaurant_ws) by extension 'cmake'
[0.335s] Level 1:colcon.colcon_core.package_identification:_identify(/home/zyx/restaurant_ws) by extension 'python'
[0.335s] Level 1:colcon.colcon_core.package_identification:_identify(/home/zyx/restaurant_ws) by extensions ['python_setup_py']
[0.335s] Level 1:colcon.colcon_core.package_identification:_identify(/home/zyx/restaurant_ws) by extension 'python_setup_py'
[0.335s] Level 1:colcon.colcon_core.package_identification:_identify(/home/zyx/restaurant_ws/build) by extensions ['ignore', 'ignore_ament_install']
[0.335s] Level 1:colcon.colcon_core.package_identification:_identify(/home/zyx/restaurant_ws/build) by extension 'ignore'
[0.335s] Level 1:colcon.colcon_core.package_identification:_identify(/home/zyx/restaurant_ws/build) ignored
[0.335s] Level 1:colcon.colcon_core.package_identification:_identify(/home/zyx/restaurant_ws/install) by extensions ['ignore', 'ignore_ament_install']
[0.335s] Level 1:colcon.colcon_core.package_identification:_identify(/home/zyx/restaurant_ws/install) by extension 'ignore'
[0.335s] Level 1:colcon.colcon_core.package_identification:_identify(/home/zyx/restaurant_ws/install) ignored
[0.335s] Level 1:colcon.colcon_core.package_identification:_identify(/home/zyx/restaurant_ws/log) by extensions ['ignore', 'ignore_ament_install']
[0.335s] Level 1:colcon.colcon_core.package_identification:_identify(/home/zyx/restaurant_ws/log) by extension 'ignore'
[0.335s] Level 1:colcon.colcon_core.package_identification:_identify(/home/zyx/restaurant_ws/log) ignored
[0.335s] Level 1:colcon.colcon_core.package_identification:_identify(/home/zyx/restaurant_ws/src) by extensions ['ignore', 'ignore_ament_install']
[0.335s] Level 1:colcon.colcon_core.package_identification:_identify(/home/zyx/restaurant_ws/src) by extension 'ignore'
[0.336s] Level 1:colcon.colcon_core.package_identification:_identify(/home/zyx/restaurant_ws/src) by extension 'ignore_ament_install'
[0.336s] Level 1:colcon.colcon_core.package_identification:_identify(/home/zyx/restaurant_ws/src) by extensions ['colcon_pkg']
[0.336s] Level 1:colcon.colcon_core.package_identification:_identify(/home/zyx/restaurant_ws/src) by extension 'colcon_pkg'
[0.336s] Level 1:colcon.colcon_core.package_identification:_identify(/home/zyx/restaurant_ws/src) by extensions ['colcon_meta']
[0.336s] Level 1:colcon.colcon_core.package_identification:_identify(/home/zyx/restaurant_ws/src) by extension 'colcon_meta'
[0.336s] Level 1:colcon.colcon_core.package_identification:_identify(/home/zyx/restaurant_ws/src) by extensions ['ros']
[0.336s] Level 1:colcon.colcon_core.package_identification:_identify(/home/zyx/restaurant_ws/src) by extension 'ros'
[0.336s] Level 1:colcon.colcon_core.package_identification:_identify(/home/zyx/restaurant_ws/src) by extensions ['cmake', 'python']
[0.336s] Level 1:colcon.colcon_core.package_identification:_identify(/home/zyx/restaurant_ws/src) by extension 'cmake'
[0.336s] Level 1:colcon.colcon_core.package_identification:_identify(/home/zyx/restaurant_ws/src) by extension 'python'
[0.336s] Level 1:colcon.colcon_core.package_identification:_identify(/home/zyx/restaurant_ws/src) by extensions ['python_setup_py']
[0.336s] Level 1:colcon.colcon_core.package_identification:_identify(/home/zyx/restaurant_ws/src) by extension 'python_setup_py'
[0.336s] Level 1:colcon.colcon_core.package_identification:_identify(/home/zyx/restaurant_ws/src/chef_pkg) by extensions ['ignore', 'ignore_ament_install']
[0.336s] Level 1:colcon.colcon_core.package_identification:_identify(/home/zyx/restaurant_ws/src/chef_pkg) by extension 'ignore'
[0.336s] Level 1:colcon.colcon_core.package_identification:_identify(/home/zyx/restaurant_ws/src/chef_pkg) by extension 'ignore_ament_install'
[0.336s] Level 1:colcon.colcon_core.package_identification:_identify(/home/zyx/restaurant_ws/src/chef_pkg) by extensions ['colcon_pkg']
[0.336s] Level 1:colcon.colcon_core.package_identification:_identify(/home/zyx/restaurant_ws/src/chef_pkg) by extension 'colcon_pkg'
[0.336s] Level 1:colcon.colcon_core.package_identification:_identify(/home/zyx/restaurant_ws/src/chef_pkg) by extensions ['colcon_meta']
[0.336s] Level 1:colcon.colcon_core.package_identification:_identify(/home/zyx/restaurant_ws/src/chef_pkg) by extension 'colcon_meta'
[0.336s] Level 1:colcon.colcon_core.package_identification:_identify(/home/zyx/restaurant_ws/src/chef_pkg) by extensions ['ros']
[0.336s] Level 1:colcon.colcon_core.package_identification:_identify(/home/zyx/restaurant_ws/src/chef_pkg) by extension 'ros'
[0.340s] DEBUG:colcon.colcon_core.package_identification:Package '/home/zyx/restaurant_ws/src/chef_pkg' with type 'ros.ament_python' and name 'chef_pkg'
[0.341s] Level 1:colcon.colcon_core.package_identification:_identify(/home/zyx/restaurant_ws/src/guest_pkg) by extensions ['ignore', 'ignore_ament_install']
[0.341s] Level 1:colcon.colcon_core.package_identification:_identify(/home/zyx/restaurant_ws/src/guest_pkg) by extension 'ignore'
[0.341s] Level 1:colcon.colcon_core.package_identification:_identify(/home/zyx/restaurant_ws/src/guest_pkg) by extension 'ignore_ament_install'
[0.341s] Level 1:colcon.colcon_core.package_identification:_identify(/home/zyx/restaurant_ws/src/guest_pkg) by extensions ['colcon_pkg']
[0.341s] Level 1:colcon.colcon_core.package_identification:_identify(/home/zyx/restaurant_ws/src/guest_pkg) by extension 'colcon_pkg'
[0.341s] Level 1:colcon.colcon_core.package_identification:_identify(/home/zyx/restaurant_ws/src/guest_pkg) by extensions ['colcon_meta']
[0.341s] Level 1:colcon.colcon_core.package_identification:_identify(/home/zyx/restaurant_ws/src/guest_pkg) by extension 'colcon_meta'
[0.342s] Level 1:colcon.colcon_core.package_identification:_identify(/home/zyx/restaurant_ws/src/guest_pkg) by extensions ['ros']
[0.342s] Level 1:colcon.colcon_core.package_identification:_identify(/home/zyx/restaurant_ws/src/guest_pkg) by extension 'ros'
[0.342s] DEBUG:colcon.colcon_core.package_identification:Package '/home/zyx/restaurant_ws/src/guest_pkg' with type 'ros.ament_python' and name 'guest_pkg'
[0.343s] Level 1:colcon.colcon_core.package_identification:_identify(/home/zyx/restaurant_ws/src/restaurant_launch) by extensions ['ignore', 'ignore_ament_install']
[0.343s] Level 1:colcon.colcon_core.package_identification:_identify(/home/zyx/restaurant_ws/src/restaurant_launch) by extension 'ignore'
[0.343s] Level 1:colcon.colcon_core.package_identification:_identify(/home/zyx/restaurant_ws/src/restaurant_launch) by extension 'ignore_ament_install'
[0.343s] Level 1:colcon.colcon_core.package_identification:_identify(/home/zyx/restaurant_ws/src/restaurant_launch) by extensions ['colcon_pkg']
[0.343s] Level 1:colcon.colcon_core.package_identification:_identify(/home/zyx/restaurant_ws/src/restaurant_launch) by extension 'colcon_pkg'
[0.343s] Level 1:colcon.colcon_core.package_identification:_identify(/home/zyx/restaurant_ws/src/restaurant_launch) by extensions ['colcon_meta']
[0.343s] Level 1:colcon.colcon_core.package_identification:_identify(/home/zyx/restaurant_ws/src/restaurant_launch) by extension 'colcon_meta'
[0.343s] Level 1:colcon.colcon_core.package_identification:_identify(/home/zyx/restaurant_ws/src/restaurant_launch) by extensions ['ros']
[0.343s] Level 1:colcon.colcon_core.package_identification:_identify(/home/zyx/restaurant_ws/src/restaurant_launch) by extension 'ros'
[0.344s] DEBUG:colcon.colcon_core.package_identification:Package '/home/zyx/restaurant_ws/src/restaurant_launch' with type 'ros.ament_python' and name 'restaurant_launch'
[0.345s] Level 1:colcon.colcon_core.package_identification:_identify(/home/zyx/restaurant_ws/src/waiter_pkg) by extensions ['ignore', 'ignore_ament_install']
[0.345s] Level 1:colcon.colcon_core.package_identification:_identify(/home/zyx/restaurant_ws/src/waiter_pkg) by extension 'ignore'
[0.345s] Level 1:colcon.colcon_core.package_identification:_identify(/home/zyx/restaurant_ws/src/waiter_pkg) by extension 'ignore_ament_install'
[0.345s] Level 1:colcon.colcon_core.package_identification:_identify(/home/zyx/restaurant_ws/src/waiter_pkg) by extensions ['colcon_pkg']
[0.345s] Level 1:colcon.colcon_core.package_identification:_identify(/home/zyx/restaurant_ws/src/waiter_pkg) by extension 'colcon_pkg'
[0.345s] Level 1:colcon.colcon_core.package_identification:_identify(/home/zyx/restaurant_ws/src/waiter_pkg) by extensions ['colcon_meta']
[0.345s] Level 1:colcon.colcon_core.package_identification:_identify(/home/zyx/restaurant_ws/src/waiter_pkg) by extension 'colcon_meta'
[0.346s] Level 1:colcon.colcon_core.package_identification:_identify(/home/zyx/restaurant_ws/src/waiter_pkg) by extensions ['ros']
[0.346s] Level 1:colcon.colcon_core.package_identification:_identify(/home/zyx/restaurant_ws/src/waiter_pkg) by extension 'ros'
[0.348s] DEBUG:colcon.colcon_core.package_identification:Package '/home/zyx/restaurant_ws/src/waiter_pkg' with type 'ros.ament_python' and name 'waiter_pkg'
[0.348s] Level 1:colcon.colcon_core.package_discovery:discover_packages(recursive) using defaults
