running egg_info
writing ../../build/guest_pkg/guest_pkg.egg-info/PKG-INFO
writing dependency_links to ../../build/guest_pkg/guest_pkg.egg-info/dependency_links.txt
writing entry points to ../../build/guest_pkg/guest_pkg.egg-info/entry_points.txt
writing requirements to ../../build/guest_pkg/guest_pkg.egg-info/requires.txt
writing top-level names to ../../build/guest_pkg/guest_pkg.egg-info/top_level.txt
reading manifest file '../../build/guest_pkg/guest_pkg.egg-info/SOURCES.txt'
adding license file 'LICENSE'
writing manifest file '../../build/guest_pkg/guest_pkg.egg-info/SOURCES.txt'
running build
running build_py
copying guest_pkg/__init__.py -> /home/cszking/restaurant_ws/build/guest_pkg/build/lib/guest_pkg
copying guest_pkg/guest_node.py -> /home/cszking/restaurant_ws/build/guest_pkg/build/lib/guest_pkg
running install
running install_lib
copying /home/cszking/restaurant_ws/build/guest_pkg/build/lib/guest_pkg/__init__.py -> /home/cszking/restaurant_ws/install/guest_pkg/lib/python3.10/site-packages/guest_pkg
copying /home/cszking/restaurant_ws/build/guest_pkg/build/lib/guest_pkg/guest_node.py -> /home/cszking/restaurant_ws/install/guest_pkg/lib/python3.10/site-packages/guest_pkg
byte-compiling /home/cszking/restaurant_ws/install/guest_pkg/lib/python3.10/site-packages/guest_pkg/__init__.py to __init__.cpython-310.pyc
byte-compiling /home/cszking/restaurant_ws/install/guest_pkg/lib/python3.10/site-packages/guest_pkg/guest_node.py to guest_node.cpython-310.pyc
running install_data
copying resource/guest_pkg -> /home/cszking/restaurant_ws/install/guest_pkg/share/ament_index/resource_index/packages
copying package.xml -> /home/cszking/restaurant_ws/install/guest_pkg/share/guest_pkg
copying launch/guest.launch.py -> /home/cszking/restaurant_ws/install/guest_pkg/share/guest_pkg/launch
running install_egg_info
removing '/home/cszking/restaurant_ws/install/guest_pkg/lib/python3.10/site-packages/guest_pkg-0.0.0-py3.10.egg-info' (and everything under it)
Copying ../../build/guest_pkg/guest_pkg.egg-info to /home/cszking/restaurant_ws/install/guest_pkg/lib/python3.10/site-packages/guest_pkg-0.0.0-py3.10.egg-info
running install_scripts
Installing guest_node script to /home/cszking/restaurant_ws/install/guest_pkg/lib/guest_pkg
writing list of installed files to '/home/cszking/restaurant_ws/build/guest_pkg/install.log'
