[1.518s] Invoking command in '/home/zyx/restaurant_ws/src/chef_pkg': PYTHONPATH=/home/zyx/restaurant_ws/build/chef_pkg/prefix_override:/usr/lib/python3/dist-packages/colcon_core/task/python/colcon_distutils_commands:/home/zyx/restaurant_ws/install/chef_pkg/lib/python3.10/site-packages:${PYTHONPATH} /usr/bin/python3 -W ignore:setup.py install is deprecated -W ignore:easy_install command is deprecated setup.py egg_info --egg-base ../../build/chef_pkg build --build-base /home/zyx/restaurant_ws/build/chef_pkg/build install --record /home/zyx/restaurant_ws/build/chef_pkg/install.log --single-version-externally-managed install_data
[1.765s] running egg_info
[1.766s] writing ../../build/chef_pkg/chef_pkg.egg-info/PKG-INFO
[1.768s] writing dependency_links to ../../build/chef_pkg/chef_pkg.egg-info/dependency_links.txt
[1.768s] writing entry points to ../../build/chef_pkg/chef_pkg.egg-info/entry_points.txt
[1.768s] writing requirements to ../../build/chef_pkg/chef_pkg.egg-info/requires.txt
[1.768s] writing top-level names to ../../build/chef_pkg/chef_pkg.egg-info/top_level.txt
[1.771s] reading manifest file '../../build/chef_pkg/chef_pkg.egg-info/SOURCES.txt'
[1.771s] adding license file 'LICENSE'
[1.774s] writing manifest file '../../build/chef_pkg/chef_pkg.egg-info/SOURCES.txt'
[1.774s] running build
[1.774s] running build_py
[1.774s] running install
[1.777s] running install_lib
[1.778s] running install_data
[1.778s] running install_egg_info
[1.778s] removing '/home/zyx/restaurant_ws/install/chef_pkg/lib/python3.10/site-packages/chef_pkg-0.0.0-py3.10.egg-info' (and everything under it)
[1.780s] Copying ../../build/chef_pkg/chef_pkg.egg-info to /home/zyx/restaurant_ws/install/chef_pkg/lib/python3.10/site-packages/chef_pkg-0.0.0-py3.10.egg-info
[1.782s] running install_scripts
[1.801s] Installing chef_node script to /home/zyx/restaurant_ws/install/chef_pkg/lib/chef_pkg
[1.802s] writing list of installed files to '/home/zyx/restaurant_ws/build/chef_pkg/install.log'
[1.851s] Invoked command in '/home/zyx/restaurant_ws/src/chef_pkg' returned '0': PYTHONPATH=/home/zyx/restaurant_ws/build/chef_pkg/prefix_override:/usr/lib/python3/dist-packages/colcon_core/task/python/colcon_distutils_commands:/home/zyx/restaurant_ws/install/chef_pkg/lib/python3.10/site-packages:${PYTHONPATH} /usr/bin/python3 -W ignore:setup.py install is deprecated -W ignore:easy_install command is deprecated setup.py egg_info --egg-base ../../build/chef_pkg build --build-base /home/zyx/restaurant_ws/build/chef_pkg/build install --record /home/zyx/restaurant_ws/build/chef_pkg/install.log --single-version-externally-managed install_data
