running egg_info
creating ../../build/guest_pkg/guest_pkg.egg-info
writing ../../build/guest_pkg/guest_pkg.egg-info/PKG-INFO
writing dependency_links to ../../build/guest_pkg/guest_pkg.egg-info/dependency_links.txt
writing entry points to ../../build/guest_pkg/guest_pkg.egg-info/entry_points.txt
writing requirements to ../../build/guest_pkg/guest_pkg.egg-info/requires.txt
writing top-level names to ../../build/guest_pkg/guest_pkg.egg-info/top_level.txt
writing manifest file '../../build/guest_pkg/guest_pkg.egg-info/SOURCES.txt'
reading manifest file '../../build/guest_pkg/guest_pkg.egg-info/SOURCES.txt'
adding license file 'LICENSE'
writing manifest file '../../build/guest_pkg/guest_pkg.egg-info/SOURCES.txt'
running build
running build_py
creating /home/zyx/restaurant_ws/build/guest_pkg/build
creating /home/zyx/restaurant_ws/build/guest_pkg/build/lib
creating /home/zyx/restaurant_ws/build/guest_pkg/build/lib/guest_pkg
copying guest_pkg/__init__.py -> /home/zyx/restaurant_ws/build/guest_pkg/build/lib/guest_pkg
running install
running install_lib
creating /home/zyx/restaurant_ws/install/guest_pkg/lib/python3.10/site-packages/guest_pkg
copying /home/zyx/restaurant_ws/build/guest_pkg/build/lib/guest_pkg/__init__.py -> /home/zyx/restaurant_ws/install/guest_pkg/lib/python3.10/site-packages/guest_pkg
byte-compiling /home/zyx/restaurant_ws/install/guest_pkg/lib/python3.10/site-packages/guest_pkg/__init__.py to __init__.cpython-310.pyc
running install_data
creating /home/zyx/restaurant_ws/install/guest_pkg/share/ament_index
creating /home/zyx/restaurant_ws/install/guest_pkg/share/ament_index/resource_index
creating /home/zyx/restaurant_ws/install/guest_pkg/share/ament_index/resource_index/packages
copying resource/guest_pkg -> /home/zyx/restaurant_ws/install/guest_pkg/share/ament_index/resource_index/packages
copying package.xml -> /home/zyx/restaurant_ws/install/guest_pkg/share/guest_pkg
running install_egg_info
Copying ../../build/guest_pkg/guest_pkg.egg-info to /home/zyx/restaurant_ws/install/guest_pkg/lib/python3.10/site-packages/guest_pkg-0.0.0-py3.10.egg-info
running install_scripts
writing list of installed files to '/home/zyx/restaurant_ws/build/guest_pkg/install.log'
