[1.569s] Invoking command in '/home/zyx/restaurant_ws/src/guest_pkg': PYTHONPATH=/home/zyx/restaurant_ws/build/guest_pkg/prefix_override:/usr/lib/python3/dist-packages/colcon_core/task/python/colcon_distutils_commands:/home/zyx/restaurant_ws/install/guest_pkg/lib/python3.10/site-packages:${PYTHONPATH} /usr/bin/python3 -W ignore:setup.py install is deprecated -W ignore:easy_install command is deprecated setup.py egg_info --egg-base ../../build/guest_pkg build --build-base /home/zyx/restaurant_ws/build/guest_pkg/build install --record /home/zyx/restaurant_ws/build/guest_pkg/install.log --single-version-externally-managed install_data
[1.937s] running egg_info
[1.940s] writing ../../build/guest_pkg/guest_pkg.egg-info/PKG-INFO
[1.941s] writing dependency_links to ../../build/guest_pkg/guest_pkg.egg-info/dependency_links.txt
[1.941s] writing entry points to ../../build/guest_pkg/guest_pkg.egg-info/entry_points.txt
[1.941s] writing requirements to ../../build/guest_pkg/guest_pkg.egg-info/requires.txt
[1.942s] writing top-level names to ../../build/guest_pkg/guest_pkg.egg-info/top_level.txt
[1.944s] reading manifest file '../../build/guest_pkg/guest_pkg.egg-info/SOURCES.txt'
[1.944s] adding license file 'LICENSE'
[1.944s] writing manifest file '../../build/guest_pkg/guest_pkg.egg-info/SOURCES.txt'
[1.945s] running build
[1.945s] running build_py
[1.945s] copying guest_pkg/guest_node.py -> /home/zyx/restaurant_ws/build/guest_pkg/build/lib/guest_pkg
[1.945s] running install
[1.946s] running install_lib
[1.946s] copying /home/zyx/restaurant_ws/build/guest_pkg/build/lib/guest_pkg/guest_node.py -> /home/zyx/restaurant_ws/install/guest_pkg/lib/python3.10/site-packages/guest_pkg
[1.947s] byte-compiling /home/zyx/restaurant_ws/install/guest_pkg/lib/python3.10/site-packages/guest_pkg/guest_node.py to guest_node.cpython-310.pyc
[1.949s] running install_data
[1.949s] copying package.xml -> /home/zyx/restaurant_ws/install/guest_pkg/share/guest_pkg
[1.949s] creating /home/zyx/restaurant_ws/install/guest_pkg/share/guest_pkg/launch
[1.949s] copying launch/guest.launch.py -> /home/zyx/restaurant_ws/install/guest_pkg/share/guest_pkg/launch
[1.949s] running install_egg_info
[1.952s] removing '/home/zyx/restaurant_ws/install/guest_pkg/lib/python3.10/site-packages/guest_pkg-0.0.0-py3.10.egg-info' (and everything under it)
[1.952s] Copying ../../build/guest_pkg/guest_pkg.egg-info to /home/zyx/restaurant_ws/install/guest_pkg/lib/python3.10/site-packages/guest_pkg-0.0.0-py3.10.egg-info
[1.953s] running install_scripts
[1.977s] Installing guest_node script to /home/zyx/restaurant_ws/install/guest_pkg/lib/guest_pkg
[1.978s] writing list of installed files to '/home/zyx/restaurant_ws/build/guest_pkg/install.log'
[2.018s] Invoked command in '/home/zyx/restaurant_ws/src/guest_pkg' returned '0': PYTHONPATH=/home/zyx/restaurant_ws/build/guest_pkg/prefix_override:/usr/lib/python3/dist-packages/colcon_core/task/python/colcon_distutils_commands:/home/zyx/restaurant_ws/install/guest_pkg/lib/python3.10/site-packages:${PYTHONPATH} /usr/bin/python3 -W ignore:setup.py install is deprecated -W ignore:easy_install command is deprecated setup.py egg_info --egg-base ../../build/guest_pkg build --build-base /home/zyx/restaurant_ws/build/guest_pkg/build install --record /home/zyx/restaurant_ws/build/guest_pkg/install.log --single-version-externally-managed install_data
