running egg_info
writing ../../build/restaurant_launch/restaurant_launch.egg-info/PKG-INFO
writing dependency_links to ../../build/restaurant_launch/restaurant_launch.egg-info/dependency_links.txt
writing entry points to ../../build/restaurant_launch/restaurant_launch.egg-info/entry_points.txt
writing requirements to ../../build/restaurant_launch/restaurant_launch.egg-info/requires.txt
writing top-level names to ../../build/restaurant_launch/restaurant_launch.egg-info/top_level.txt
reading manifest file '../../build/restaurant_launch/restaurant_launch.egg-info/SOURCES.txt'
adding license file 'LICENSE'
writing manifest file '../../build/restaurant_launch/restaurant_launch.egg-info/SOURCES.txt'
running build
running build_py
running install
running install_lib
running install_data
creating /home/zyx/restaurant_ws/install/restaurant_launch/share/restaurant_launch/launch
copying launch/launch_all.launch.py -> /home/zyx/restaurant_ws/install/restaurant_launch/share/restaurant_launch/launch
running install_egg_info
removing '/home/zyx/restaurant_ws/install/restaurant_launch/lib/python3.10/site-packages/restaurant_launch-0.0.0-py3.10.egg-info' (and everything under it)
Copying ../../build/restaurant_launch/restaurant_launch.egg-info to /home/zyx/restaurant_ws/install/restaurant_launch/lib/python3.10/site-packages/restaurant_launch-0.0.0-py3.10.egg-info
running install_scripts
writing list of installed files to '/home/zyx/restaurant_ws/build/restaurant_launch/install.log'
