[0.157s] DEBUG:colcon:Command line arguments: ['/usr/bin/colcon', 'build']
[0.157s] DEBUG:colcon:Parsed command line arguments: Namespace(log_base=None, log_level=None, verb_name='build', build_base='build', install_base='install', merge_install=False, symlink_install=False, test_result_base=None, continue_on_error=False, executor='parallel', parallel_workers=4, event_handlers=None, ignore_user_meta=False, metas=['./colcon.meta'], base_paths=['.'], packages_ignore=None, packages_ignore_regex=None, paths=None, packages_up_to=None, packages_up_to_regex=None, packages_above=None, packages_above_and_dependencies=None, packages_above_depth=None, packages_select_by_dep=None, packages_skip_by_dep=None, packages_skip_up_to=None, packages_select_build_failed=False, packages_skip_build_finished=False, packages_select_test_failures=False, packages_skip_test_passed=False, packages_select=None, packages_skip=None, packages_select_regex=None, packages_skip_regex=None, packages_start=None, packages_end=None, allow_overriding=[], cmake_args=None, cmake_target=None, cmake_target_skip_unavailable=False, cmake_clean_cache=False, cmake_clean_first=False, cmake_force_configure=False, ament_cmake_args=None, catkin_cmake_args=None, catkin_skip_building_tests=False, verb_parser=<colcon_defaults.argument_parser.defaults.DefaultArgumentsDecorator object at 0x72716d6d7010>, verb_extension=<colcon_core.verb.build.BuildVerb object at 0x72716d6d6b00>, main=<bound method BuildVerb.main of <colcon_core.verb.build.BuildVerb object at 0x72716d6d6b00>>)
[0.297s] Level 1:colcon.colcon_core.package_discovery:discover_packages(colcon_meta) check parameters
[0.298s] Level 1:colcon.colcon_core.package_discovery:discover_packages(recursive) check parameters
[0.298s] Level 1:colcon.colcon_core.package_discovery:discover_packages(ignore) check parameters
[0.298s] Level 1:colcon.colcon_core.package_discovery:discover_packages(path) check parameters
[0.298s] Level 1:colcon.colcon_core.package_discovery:discover_packages(colcon_meta) discover
[0.298s] Level 1:colcon.colcon_core.package_discovery:discover_packages(recursive) discover
[0.298s] INFO:colcon.colcon_core.package_discovery:Crawling recursively for packages in '/home/zyx/restaurant_ws'
[0.298s] Level 1:colcon.colcon_core.package_identification:_identify(.) by extensions ['ignore', 'ignore_ament_install']
[0.298s] Level 1:colcon.colcon_core.package_identification:_identify(.) by extension 'ignore'
[0.298s] Level 1:colcon.colcon_core.package_identification:_identify(.) by extension 'ignore_ament_install'
[0.298s] Level 1:colcon.colcon_core.package_identification:_identify(.) by extensions ['colcon_pkg']
[0.298s] Level 1:colcon.colcon_core.package_identification:_identify(.) by extension 'colcon_pkg'
[0.298s] Level 1:colcon.colcon_core.package_identification:_identify(.) by extensions ['colcon_meta']
[0.298s] Level 1:colcon.colcon_core.package_identification:_identify(.) by extension 'colcon_meta'
[0.298s] Level 1:colcon.colcon_core.package_identification:_identify(.) by extensions ['ros']
[0.298s] Level 1:colcon.colcon_core.package_identification:_identify(.) by extension 'ros'
[0.310s] Level 1:colcon.colcon_core.package_identification:_identify(.) by extensions ['cmake', 'python']
[0.310s] Level 1:colcon.colcon_core.package_identification:_identify(.) by extension 'cmake'
[0.310s] Level 1:colcon.colcon_core.package_identification:_identify(.) by extension 'python'
[0.310s] Level 1:colcon.colcon_core.package_identification:_identify(.) by extensions ['python_setup_py']
[0.310s] Level 1:colcon.colcon_core.package_identification:_identify(.) by extension 'python_setup_py'
[0.310s] Level 1:colcon.colcon_core.package_identification:_identify(build) by extensions ['ignore', 'ignore_ament_install']
[0.310s] Level 1:colcon.colcon_core.package_identification:_identify(build) by extension 'ignore'
[0.310s] Level 1:colcon.colcon_core.package_identification:_identify(build) ignored
[0.311s] Level 1:colcon.colcon_core.package_identification:_identify(install) by extensions ['ignore', 'ignore_ament_install']
[0.311s] Level 1:colcon.colcon_core.package_identification:_identify(install) by extension 'ignore'
[0.311s] Level 1:colcon.colcon_core.package_identification:_identify(install) ignored
[0.311s] Level 1:colcon.colcon_core.package_identification:_identify(log) by extensions ['ignore', 'ignore_ament_install']
[0.311s] Level 1:colcon.colcon_core.package_identification:_identify(log) by extension 'ignore'
[0.311s] Level 1:colcon.colcon_core.package_identification:_identify(log) ignored
[0.311s] Level 1:colcon.colcon_core.package_identification:_identify(src) by extensions ['ignore', 'ignore_ament_install']
[0.311s] Level 1:colcon.colcon_core.package_identification:_identify(src) by extension 'ignore'
[0.311s] Level 1:colcon.colcon_core.package_identification:_identify(src) by extension 'ignore_ament_install'
[0.311s] Level 1:colcon.colcon_core.package_identification:_identify(src) by extensions ['colcon_pkg']
[0.311s] Level 1:colcon.colcon_core.package_identification:_identify(src) by extension 'colcon_pkg'
[0.311s] Level 1:colcon.colcon_core.package_identification:_identify(src) by extensions ['colcon_meta']
[0.311s] Level 1:colcon.colcon_core.package_identification:_identify(src) by extension 'colcon_meta'
[0.311s] Level 1:colcon.colcon_core.package_identification:_identify(src) by extensions ['ros']
[0.311s] Level 1:colcon.colcon_core.package_identification:_identify(src) by extension 'ros'
[0.311s] Level 1:colcon.colcon_core.package_identification:_identify(src) by extensions ['cmake', 'python']
[0.311s] Level 1:colcon.colcon_core.package_identification:_identify(src) by extension 'cmake'
[0.312s] Level 1:colcon.colcon_core.package_identification:_identify(src) by extension 'python'
[0.312s] Level 1:colcon.colcon_core.package_identification:_identify(src) by extensions ['python_setup_py']
[0.312s] Level 1:colcon.colcon_core.package_identification:_identify(src) by extension 'python_setup_py'
[0.312s] Level 1:colcon.colcon_core.package_identification:_identify(src/chef_pkg) by extensions ['ignore', 'ignore_ament_install']
[0.312s] Level 1:colcon.colcon_core.package_identification:_identify(src/chef_pkg) by extension 'ignore'
[0.312s] Level 1:colcon.colcon_core.package_identification:_identify(src/chef_pkg) by extension 'ignore_ament_install'
[0.312s] Level 1:colcon.colcon_core.package_identification:_identify(src/chef_pkg) by extensions ['colcon_pkg']
[0.312s] Level 1:colcon.colcon_core.package_identification:_identify(src/chef_pkg) by extension 'colcon_pkg'
[0.312s] Level 1:colcon.colcon_core.package_identification:_identify(src/chef_pkg) by extensions ['colcon_meta']
[0.312s] Level 1:colcon.colcon_core.package_identification:_identify(src/chef_pkg) by extension 'colcon_meta'
[0.312s] Level 1:colcon.colcon_core.package_identification:_identify(src/chef_pkg) by extensions ['ros']
[0.312s] Level 1:colcon.colcon_core.package_identification:_identify(src/chef_pkg) by extension 'ros'
[0.315s] DEBUG:colcon.colcon_core.package_identification:Package 'src/chef_pkg' with type 'ros.ament_python' and name 'chef_pkg'
[0.315s] Level 1:colcon.colcon_core.package_identification:_identify(src/guest_pkg) by extensions ['ignore', 'ignore_ament_install']
[0.315s] Level 1:colcon.colcon_core.package_identification:_identify(src/guest_pkg) by extension 'ignore'
[0.315s] Level 1:colcon.colcon_core.package_identification:_identify(src/guest_pkg) by extension 'ignore_ament_install'
[0.315s] Level 1:colcon.colcon_core.package_identification:_identify(src/guest_pkg) by extensions ['colcon_pkg']
[0.315s] Level 1:colcon.colcon_core.package_identification:_identify(src/guest_pkg) by extension 'colcon_pkg'
[0.315s] Level 1:colcon.colcon_core.package_identification:_identify(src/guest_pkg) by extensions ['colcon_meta']
[0.315s] Level 1:colcon.colcon_core.package_identification:_identify(src/guest_pkg) by extension 'colcon_meta'
[0.315s] Level 1:colcon.colcon_core.package_identification:_identify(src/guest_pkg) by extensions ['ros']
[0.315s] Level 1:colcon.colcon_core.package_identification:_identify(src/guest_pkg) by extension 'ros'
[0.316s] DEBUG:colcon.colcon_core.package_identification:Package 'src/guest_pkg' with type 'ros.ament_python' and name 'guest_pkg'
[0.316s] Level 1:colcon.colcon_core.package_identification:_identify(src/restaurant_launch) by extensions ['ignore', 'ignore_ament_install']
[0.316s] Level 1:colcon.colcon_core.package_identification:_identify(src/restaurant_launch) by extension 'ignore'
[0.316s] Level 1:colcon.colcon_core.package_identification:_identify(src/restaurant_launch) by extension 'ignore_ament_install'
[0.316s] Level 1:colcon.colcon_core.package_identification:_identify(src/restaurant_launch) by extensions ['colcon_pkg']
[0.316s] Level 1:colcon.colcon_core.package_identification:_identify(src/restaurant_launch) by extension 'colcon_pkg'
[0.316s] Level 1:colcon.colcon_core.package_identification:_identify(src/restaurant_launch) by extensions ['colcon_meta']
[0.316s] Level 1:colcon.colcon_core.package_identification:_identify(src/restaurant_launch) by extension 'colcon_meta'
[0.316s] Level 1:colcon.colcon_core.package_identification:_identify(src/restaurant_launch) by extensions ['ros']
[0.316s] Level 1:colcon.colcon_core.package_identification:_identify(src/restaurant_launch) by extension 'ros'
[0.317s] DEBUG:colcon.colcon_core.package_identification:Package 'src/restaurant_launch' with type 'ros.ament_python' and name 'restaurant_launch'
[0.317s] Level 1:colcon.colcon_core.package_identification:_identify(src/waiter_pkg) by extensions ['ignore', 'ignore_ament_install']
[0.318s] Level 1:colcon.colcon_core.package_identification:_identify(src/waiter_pkg) by extension 'ignore'
[0.318s] Level 1:colcon.colcon_core.package_identification:_identify(src/waiter_pkg) by extension 'ignore_ament_install'
[0.318s] Level 1:colcon.colcon_core.package_identification:_identify(src/waiter_pkg) by extensions ['colcon_pkg']
[0.318s] Level 1:colcon.colcon_core.package_identification:_identify(src/waiter_pkg) by extension 'colcon_pkg'
[0.318s] Level 1:colcon.colcon_core.package_identification:_identify(src/waiter_pkg) by extensions ['colcon_meta']
[0.318s] Level 1:colcon.colcon_core.package_identification:_identify(src/waiter_pkg) by extension 'colcon_meta'
[0.318s] Level 1:colcon.colcon_core.package_identification:_identify(src/waiter_pkg) by extensions ['ros']
[0.318s] Level 1:colcon.colcon_core.package_identification:_identify(src/waiter_pkg) by extension 'ros'
[0.319s] DEBUG:colcon.colcon_core.package_identification:Package 'src/waiter_pkg' with type 'ros.ament_python' and name 'waiter_pkg'
[0.319s] Level 1:colcon.colcon_core.package_discovery:discover_packages(recursive) using defaults
[0.319s] Level 1:colcon.colcon_core.package_discovery:discover_packages(ignore) discover
[0.319s] Level 1:colcon.colcon_core.package_discovery:discover_packages(ignore) using defaults
[0.319s] Level 1:colcon.colcon_core.package_discovery:discover_packages(path) discover
[0.319s] Level 1:colcon.colcon_core.package_discovery:discover_packages(path) using defaults
[0.345s] Level 1:colcon.colcon_core.package_discovery:discover_packages(prefix_path) check parameters
[0.345s] Level 1:colcon.colcon_core.package_discovery:discover_packages(prefix_path) discover
[0.348s] DEBUG:colcon.colcon_installed_package_information.package_discovery:Found 271 installed packages in /opt/ros/humble
[0.364s] Level 1:colcon.colcon_core.package_discovery:discover_packages(prefix_path) using defaults
[0.393s] Level 5:colcon.colcon_core.verb:set package 'chef_pkg' build argument 'cmake_args' from command line to 'None'
[0.394s] Level 5:colcon.colcon_core.verb:set package 'chef_pkg' build argument 'cmake_target' from command line to 'None'
[0.394s] Level 5:colcon.colcon_core.verb:set package 'chef_pkg' build argument 'cmake_target_skip_unavailable' from command line to 'False'
[0.394s] Level 5:colcon.colcon_core.verb:set package 'chef_pkg' build argument 'cmake_clean_cache' from command line to 'False'
[0.394s] Level 5:colcon.colcon_core.verb:set package 'chef_pkg' build argument 'cmake_clean_first' from command line to 'False'
[0.394s] Level 5:colcon.colcon_core.verb:set package 'chef_pkg' build argument 'cmake_force_configure' from command line to 'False'
[0.394s] Level 5:colcon.colcon_core.verb:set package 'chef_pkg' build argument 'ament_cmake_args' from command line to 'None'
[0.394s] Level 5:colcon.colcon_core.verb:set package 'chef_pkg' build argument 'catkin_cmake_args' from command line to 'None'
[0.394s] Level 5:colcon.colcon_core.verb:set package 'chef_pkg' build argument 'catkin_skip_building_tests' from command line to 'False'
[0.394s] DEBUG:colcon.colcon_core.verb:Building package 'chef_pkg' with the following arguments: {'ament_cmake_args': None, 'build_base': '/home/zyx/restaurant_ws/build/chef_pkg', 'catkin_cmake_args': None, 'catkin_skip_building_tests': False, 'cmake_args': None, 'cmake_clean_cache': False, 'cmake_clean_first': False, 'cmake_force_configure': False, 'cmake_target': None, 'cmake_target_skip_unavailable': False, 'install_base': '/home/zyx/restaurant_ws/install/chef_pkg', 'merge_install': False, 'path': '/home/zyx/restaurant_ws/src/chef_pkg', 'symlink_install': False, 'test_result_base': None}
[0.394s] Level 5:colcon.colcon_core.verb:set package 'guest_pkg' build argument 'cmake_args' from command line to 'None'
[0.394s] Level 5:colcon.colcon_core.verb:set package 'guest_pkg' build argument 'cmake_target' from command line to 'None'
[0.394s] Level 5:colcon.colcon_core.verb:set package 'guest_pkg' build argument 'cmake_target_skip_unavailable' from command line to 'False'
[0.395s] Level 5:colcon.colcon_core.verb:set package 'guest_pkg' build argument 'cmake_clean_cache' from command line to 'False'
[0.395s] Level 5:colcon.colcon_core.verb:set package 'guest_pkg' build argument 'cmake_clean_first' from command line to 'False'
[0.395s] Level 5:colcon.colcon_core.verb:set package 'guest_pkg' build argument 'cmake_force_configure' from command line to 'False'
[0.395s] Level 5:colcon.colcon_core.verb:set package 'guest_pkg' build argument 'ament_cmake_args' from command line to 'None'
[0.395s] Level 5:colcon.colcon_core.verb:set package 'guest_pkg' build argument 'catkin_cmake_args' from command line to 'None'
[0.395s] Level 5:colcon.colcon_core.verb:set package 'guest_pkg' build argument 'catkin_skip_building_tests' from command line to 'False'
[0.395s] DEBUG:colcon.colcon_core.verb:Building package 'guest_pkg' with the following arguments: {'ament_cmake_args': None, 'build_base': '/home/zyx/restaurant_ws/build/guest_pkg', 'catkin_cmake_args': None, 'catkin_skip_building_tests': False, 'cmake_args': None, 'cmake_clean_cache': False, 'cmake_clean_first': False, 'cmake_force_configure': False, 'cmake_target': None, 'cmake_target_skip_unavailable': False, 'install_base': '/home/zyx/restaurant_ws/install/guest_pkg', 'merge_install': False, 'path': '/home/zyx/restaurant_ws/src/guest_pkg', 'symlink_install': False, 'test_result_base': None}
[0.395s] Level 5:colcon.colcon_core.verb:set package 'restaurant_launch' build argument 'cmake_args' from command line to 'None'
[0.395s] Level 5:colcon.colcon_core.verb:set package 'restaurant_launch' build argument 'cmake_target' from command line to 'None'
[0.395s] Level 5:colcon.colcon_core.verb:set package 'restaurant_launch' build argument 'cmake_target_skip_unavailable' from command line to 'False'
[0.395s] Level 5:colcon.colcon_core.verb:set package 'restaurant_launch' build argument 'cmake_clean_cache' from command line to 'False'
[0.395s] Level 5:colcon.colcon_core.verb:set package 'restaurant_launch' build argument 'cmake_clean_first' from command line to 'False'
[0.395s] Level 5:colcon.colcon_core.verb:set package 'restaurant_launch' build argument 'cmake_force_configure' from command line to 'False'
[0.395s] Level 5:colcon.colcon_core.verb:set package 'restaurant_launch' build argument 'ament_cmake_args' from command line to 'None'
[0.395s] Level 5:colcon.colcon_core.verb:set package 'restaurant_launch' build argument 'catkin_cmake_args' from command line to 'None'
[0.395s] Level 5:colcon.colcon_core.verb:set package 'restaurant_launch' build argument 'catkin_skip_building_tests' from command line to 'False'
[0.395s] DEBUG:colcon.colcon_core.verb:Building package 'restaurant_launch' with the following arguments: {'ament_cmake_args': None, 'build_base': '/home/zyx/restaurant_ws/build/restaurant_launch', 'catkin_cmake_args': None, 'catkin_skip_building_tests': False, 'cmake_args': None, 'cmake_clean_cache': False, 'cmake_clean_first': False, 'cmake_force_configure': False, 'cmake_target': None, 'cmake_target_skip_unavailable': False, 'install_base': '/home/zyx/restaurant_ws/install/restaurant_launch', 'merge_install': False, 'path': '/home/zyx/restaurant_ws/src/restaurant_launch', 'symlink_install': False, 'test_result_base': None}
[0.396s] Level 5:colcon.colcon_core.verb:set package 'waiter_pkg' build argument 'cmake_args' from command line to 'None'
[0.396s] Level 5:colcon.colcon_core.verb:set package 'waiter_pkg' build argument 'cmake_target' from command line to 'None'
[0.396s] Level 5:colcon.colcon_core.verb:set package 'waiter_pkg' build argument 'cmake_target_skip_unavailable' from command line to 'False'
[0.396s] Level 5:colcon.colcon_core.verb:set package 'waiter_pkg' build argument 'cmake_clean_cache' from command line to 'False'
[0.396s] Level 5:colcon.colcon_core.verb:set package 'waiter_pkg' build argument 'cmake_clean_first' from command line to 'False'
[0.396s] Level 5:colcon.colcon_core.verb:set package 'waiter_pkg' build argument 'cmake_force_configure' from command line to 'False'
[0.396s] Level 5:colcon.colcon_core.verb:set package 'waiter_pkg' build argument 'ament_cmake_args' from command line to 'None'
[0.396s] Level 5:colcon.colcon_core.verb:set package 'waiter_pkg' build argument 'catkin_cmake_args' from command line to 'None'
[0.396s] Level 5:colcon.colcon_core.verb:set package 'waiter_pkg' build argument 'catkin_skip_building_tests' from command line to 'False'
[0.396s] DEBUG:colcon.colcon_core.verb:Building package 'waiter_pkg' with the following arguments: {'ament_cmake_args': None, 'build_base': '/home/zyx/restaurant_ws/build/waiter_pkg', 'catkin_cmake_args': None, 'catkin_skip_building_tests': False, 'cmake_args': None, 'cmake_clean_cache': False, 'cmake_clean_first': False, 'cmake_force_configure': False, 'cmake_target': None, 'cmake_target_skip_unavailable': False, 'install_base': '/home/zyx/restaurant_ws/install/waiter_pkg', 'merge_install': False, 'path': '/home/zyx/restaurant_ws/src/waiter_pkg', 'symlink_install': False, 'test_result_base': None}
[0.396s] INFO:colcon.colcon_core.executor:Executing jobs using 'parallel' executor
[0.398s] DEBUG:colcon.colcon_parallel_executor.executor.parallel:run_until_complete
[0.398s] INFO:colcon.colcon_ros.task.ament_python.build:Building ROS package in '/home/zyx/restaurant_ws/src/chef_pkg' with build type 'ament_python'
[0.398s] Level 1:colcon.colcon_core.shell:create_environment_hook('chef_pkg', 'ament_prefix_path')
[0.400s] INFO:colcon.colcon_core.plugin_system:Skipping extension 'colcon_core.shell.bat': Not used on non-Windows systems
[0.400s] INFO:colcon.colcon_core.shell:Creating environment hook '/home/zyx/restaurant_ws/install/chef_pkg/share/chef_pkg/hook/ament_prefix_path.ps1'
[0.401s] INFO:colcon.colcon_core.shell:Creating environment descriptor '/home/zyx/restaurant_ws/install/chef_pkg/share/chef_pkg/hook/ament_prefix_path.dsv'
[0.402s] INFO:colcon.colcon_core.shell:Creating environment hook '/home/zyx/restaurant_ws/install/chef_pkg/share/chef_pkg/hook/ament_prefix_path.sh'
[0.403s] INFO:colcon.colcon_core.shell:Skip shell extension 'powershell' for command environment: Not usable outside of PowerShell
[0.403s] DEBUG:colcon.colcon_core.shell:Skip shell extension 'dsv' for command environment
[0.407s] INFO:colcon.colcon_ros.task.ament_python.build:Building ROS package in '/home/zyx/restaurant_ws/src/guest_pkg' with build type 'ament_python'
[0.407s] Level 1:colcon.colcon_core.shell:create_environment_hook('guest_pkg', 'ament_prefix_path')
[0.407s] INFO:colcon.colcon_core.shell:Creating environment hook '/home/zyx/restaurant_ws/install/guest_pkg/share/guest_pkg/hook/ament_prefix_path.ps1'
[0.408s] INFO:colcon.colcon_core.shell:Creating environment descriptor '/home/zyx/restaurant_ws/install/guest_pkg/share/guest_pkg/hook/ament_prefix_path.dsv'
[0.409s] INFO:colcon.colcon_core.shell:Creating environment hook '/home/zyx/restaurant_ws/install/guest_pkg/share/guest_pkg/hook/ament_prefix_path.sh'
[0.410s] INFO:colcon.colcon_core.shell:Skip shell extension 'powershell' for command environment: Not usable outside of PowerShell
[0.410s] DEBUG:colcon.colcon_core.shell:Skip shell extension 'dsv' for command environment
[0.413s] INFO:colcon.colcon_ros.task.ament_python.build:Building ROS package in '/home/zyx/restaurant_ws/src/restaurant_launch' with build type 'ament_python'
[0.414s] Level 1:colcon.colcon_core.shell:create_environment_hook('restaurant_launch', 'ament_prefix_path')
[0.415s] INFO:colcon.colcon_core.shell:Creating environment hook '/home/zyx/restaurant_ws/install/restaurant_launch/share/restaurant_launch/hook/ament_prefix_path.ps1'
[0.416s] INFO:colcon.colcon_core.shell:Creating environment descriptor '/home/zyx/restaurant_ws/install/restaurant_launch/share/restaurant_launch/hook/ament_prefix_path.dsv'
[0.416s] INFO:colcon.colcon_core.shell:Creating environment hook '/home/zyx/restaurant_ws/install/restaurant_launch/share/restaurant_launch/hook/ament_prefix_path.sh'
[0.417s] INFO:colcon.colcon_core.shell:Skip shell extension 'powershell' for command environment: Not usable outside of PowerShell
[0.418s] DEBUG:colcon.colcon_core.shell:Skip shell extension 'dsv' for command environment
[0.421s] INFO:colcon.colcon_ros.task.ament_python.build:Building ROS package in '/home/zyx/restaurant_ws/src/waiter_pkg' with build type 'ament_python'
[0.422s] Level 1:colcon.colcon_core.shell:create_environment_hook('waiter_pkg', 'ament_prefix_path')
[0.422s] INFO:colcon.colcon_core.shell:Creating environment hook '/home/zyx/restaurant_ws/install/waiter_pkg/share/waiter_pkg/hook/ament_prefix_path.ps1'
[0.424s] INFO:colcon.colcon_core.shell:Creating environment descriptor '/home/zyx/restaurant_ws/install/waiter_pkg/share/waiter_pkg/hook/ament_prefix_path.dsv'
[0.425s] INFO:colcon.colcon_core.shell:Creating environment hook '/home/zyx/restaurant_ws/install/waiter_pkg/share/waiter_pkg/hook/ament_prefix_path.sh'
[0.427s] INFO:colcon.colcon_core.shell:Skip shell extension 'powershell' for command environment: Not usable outside of PowerShell
[0.427s] DEBUG:colcon.colcon_core.shell:Skip shell extension 'dsv' for command environment
[0.661s] INFO:colcon.colcon_core.task.python.build:Building Python package in '/home/zyx/restaurant_ws/src/chef_pkg'
[0.661s] INFO:colcon.colcon_core.shell:Skip shell extension 'powershell' for command environment: Not usable outside of PowerShell
[0.662s] DEBUG:colcon.colcon_core.shell:Skip shell extension 'dsv' for command environment
[0.885s] INFO:colcon.colcon_core.task.python.build:Building Python package in '/home/zyx/restaurant_ws/src/guest_pkg'
[0.886s] INFO:colcon.colcon_core.shell:Skip shell extension 'powershell' for command environment: Not usable outside of PowerShell
[0.886s] DEBUG:colcon.colcon_core.shell:Skip shell extension 'dsv' for command environment
[1.102s] INFO:colcon.colcon_core.task.python.build:Building Python package in '/home/zyx/restaurant_ws/src/restaurant_launch'
[1.104s] INFO:colcon.colcon_core.shell:Skip shell extension 'powershell' for command environment: Not usable outside of PowerShell
[1.104s] DEBUG:colcon.colcon_core.shell:Skip shell extension 'dsv' for command environment
[1.329s] INFO:colcon.colcon_core.task.python.build:Building Python package in '/home/zyx/restaurant_ws/src/waiter_pkg'
[1.330s] INFO:colcon.colcon_core.shell:Skip shell extension 'powershell' for command environment: Not usable outside of PowerShell
[1.330s] DEBUG:colcon.colcon_core.shell:Skip shell extension 'dsv' for command environment
[1.889s] DEBUG:colcon.colcon_core.event_handler.log_command:Invoking command in '/home/zyx/restaurant_ws/src/restaurant_launch': PYTHONPATH=/home/zyx/restaurant_ws/build/restaurant_launch/prefix_override:/usr/lib/python3/dist-packages/colcon_core/task/python/colcon_distutils_commands:/home/zyx/restaurant_ws/install/restaurant_launch/lib/python3.10/site-packages:${PYTHONPATH} /usr/bin/python3 -W ignore:setup.py install is deprecated -W ignore:easy_install command is deprecated setup.py egg_info --egg-base ../../build/restaurant_launch build --build-base /home/zyx/restaurant_ws/build/restaurant_launch/build install --record /home/zyx/restaurant_ws/build/restaurant_launch/install.log --single-version-externally-managed install_data
[1.918s] DEBUG:colcon.colcon_core.event_handler.log_command:Invoking command in '/home/zyx/restaurant_ws/src/chef_pkg': PYTHONPATH=/home/zyx/restaurant_ws/build/chef_pkg/prefix_override:/usr/lib/python3/dist-packages/colcon_core/task/python/colcon_distutils_commands:/home/zyx/restaurant_ws/install/chef_pkg/lib/python3.10/site-packages:${PYTHONPATH} /usr/bin/python3 -W ignore:setup.py install is deprecated -W ignore:easy_install command is deprecated setup.py egg_info --egg-base ../../build/chef_pkg build --build-base /home/zyx/restaurant_ws/build/chef_pkg/build install --record /home/zyx/restaurant_ws/build/chef_pkg/install.log --single-version-externally-managed install_data
[1.939s] DEBUG:colcon.colcon_core.event_handler.log_command:Invoking command in '/home/zyx/restaurant_ws/src/waiter_pkg': PYTHONPATH=/home/zyx/restaurant_ws/build/waiter_pkg/prefix_override:/usr/lib/python3/dist-packages/colcon_core/task/python/colcon_distutils_commands:/home/zyx/restaurant_ws/install/waiter_pkg/lib/python3.10/site-packages:${PYTHONPATH} /usr/bin/python3 -W ignore:setup.py install is deprecated -W ignore:easy_install command is deprecated setup.py egg_info --egg-base ../../build/waiter_pkg build --build-base /home/zyx/restaurant_ws/build/waiter_pkg/build install --record /home/zyx/restaurant_ws/build/waiter_pkg/install.log --single-version-externally-managed install_data
[1.976s] DEBUG:colcon.colcon_core.event_handler.log_command:Invoking command in '/home/zyx/restaurant_ws/src/guest_pkg': PYTHONPATH=/home/zyx/restaurant_ws/build/guest_pkg/prefix_override:/usr/lib/python3/dist-packages/colcon_core/task/python/colcon_distutils_commands:/home/zyx/restaurant_ws/install/guest_pkg/lib/python3.10/site-packages:${PYTHONPATH} /usr/bin/python3 -W ignore:setup.py install is deprecated -W ignore:easy_install command is deprecated setup.py egg_info --egg-base ../../build/guest_pkg build --build-base /home/zyx/restaurant_ws/build/guest_pkg/build install --record /home/zyx/restaurant_ws/build/guest_pkg/install.log --single-version-externally-managed install_data
[2.250s] DEBUG:colcon.colcon_core.event_handler.log_command:Invoked command in '/home/zyx/restaurant_ws/src/chef_pkg' returned '0': PYTHONPATH=/home/zyx/restaurant_ws/build/chef_pkg/prefix_override:/usr/lib/python3/dist-packages/colcon_core/task/python/colcon_distutils_commands:/home/zyx/restaurant_ws/install/chef_pkg/lib/python3.10/site-packages:${PYTHONPATH} /usr/bin/python3 -W ignore:setup.py install is deprecated -W ignore:easy_install command is deprecated setup.py egg_info --egg-base ../../build/chef_pkg build --build-base /home/zyx/restaurant_ws/build/chef_pkg/build install --record /home/zyx/restaurant_ws/build/chef_pkg/install.log --single-version-externally-managed install_data
[2.253s] Level 1:colcon.colcon_core.environment:checking '/home/zyx/restaurant_ws/install/chef_pkg' for CMake module files
[2.254s] Level 1:colcon.colcon_core.environment:checking '/home/zyx/restaurant_ws/install/chef_pkg' for CMake config files
[2.256s] Level 1:colcon.colcon_core.environment:checking '/home/zyx/restaurant_ws/install/chef_pkg/lib'
[2.256s] Level 1:colcon.colcon_core.environment:checking '/home/zyx/restaurant_ws/install/chef_pkg/bin'
[2.257s] Level 1:colcon.colcon_core.environment:checking '/home/zyx/restaurant_ws/install/chef_pkg/lib/pkgconfig/chef_pkg.pc'
[2.257s] Level 1:colcon.colcon_core.environment:checking '/home/zyx/restaurant_ws/install/chef_pkg/lib/python3.10/site-packages'
[2.258s] Level 1:colcon.colcon_core.shell:create_environment_hook('chef_pkg', 'pythonpath')
[2.258s] INFO:colcon.colcon_core.shell:Creating environment hook '/home/zyx/restaurant_ws/install/chef_pkg/share/chef_pkg/hook/pythonpath.ps1'
[2.261s] INFO:colcon.colcon_core.shell:Creating environment descriptor '/home/zyx/restaurant_ws/install/chef_pkg/share/chef_pkg/hook/pythonpath.dsv'
[2.264s] INFO:colcon.colcon_core.shell:Creating environment hook '/home/zyx/restaurant_ws/install/chef_pkg/share/chef_pkg/hook/pythonpath.sh'
[2.266s] Level 1:colcon.colcon_core.environment:checking '/home/zyx/restaurant_ws/install/chef_pkg/bin'
[2.266s] Level 1:colcon.colcon_core.environment:create_environment_scripts_only(chef_pkg)
[2.266s] INFO:colcon.colcon_core.shell:Creating package script '/home/zyx/restaurant_ws/install/chef_pkg/share/chef_pkg/package.ps1'
[2.274s] INFO:colcon.colcon_core.shell:Creating package descriptor '/home/zyx/restaurant_ws/install/chef_pkg/share/chef_pkg/package.dsv'
[2.278s] INFO:colcon.colcon_core.shell:Creating package script '/home/zyx/restaurant_ws/install/chef_pkg/share/chef_pkg/package.sh'
[2.280s] INFO:colcon.colcon_core.shell:Creating package script '/home/zyx/restaurant_ws/install/chef_pkg/share/chef_pkg/package.bash'
[2.288s] INFO:colcon.colcon_core.shell:Creating package script '/home/zyx/restaurant_ws/install/chef_pkg/share/chef_pkg/package.zsh'
[2.289s] Level 1:colcon.colcon_core.environment:create_file_with_runtime_dependencies(/home/zyx/restaurant_ws/install/chef_pkg/share/colcon-core/packages/chef_pkg)
[2.307s] Level 1:colcon.colcon_core.environment:checking '/home/zyx/restaurant_ws/install/restaurant_launch' for CMake module files
[2.310s] Level 1:colcon.colcon_core.environment:checking '/home/zyx/restaurant_ws/install/restaurant_launch' for CMake config files
[2.310s] DEBUG:colcon.colcon_core.event_handler.log_command:Invoked command in '/home/zyx/restaurant_ws/src/restaurant_launch' returned '0': PYTHONPATH=/home/zyx/restaurant_ws/build/restaurant_launch/prefix_override:/usr/lib/python3/dist-packages/colcon_core/task/python/colcon_distutils_commands:/home/zyx/restaurant_ws/install/restaurant_launch/lib/python3.10/site-packages:${PYTHONPATH} /usr/bin/python3 -W ignore:setup.py install is deprecated -W ignore:easy_install command is deprecated setup.py egg_info --egg-base ../../build/restaurant_launch build --build-base /home/zyx/restaurant_ws/build/restaurant_launch/build install --record /home/zyx/restaurant_ws/build/restaurant_launch/install.log --single-version-externally-managed install_data
[2.312s] Level 1:colcon.colcon_core.environment:checking '/home/zyx/restaurant_ws/install/restaurant_launch/lib'
[2.312s] Level 1:colcon.colcon_core.environment:checking '/home/zyx/restaurant_ws/install/restaurant_launch/bin'
[2.312s] Level 1:colcon.colcon_core.environment:checking '/home/zyx/restaurant_ws/install/restaurant_launch/lib/pkgconfig/restaurant_launch.pc'
[2.312s] Level 1:colcon.colcon_core.environment:checking '/home/zyx/restaurant_ws/install/restaurant_launch/lib/python3.10/site-packages'
[2.312s] Level 1:colcon.colcon_core.shell:create_environment_hook('restaurant_launch', 'pythonpath')
[2.313s] INFO:colcon.colcon_core.shell:Creating environment hook '/home/zyx/restaurant_ws/install/restaurant_launch/share/restaurant_launch/hook/pythonpath.ps1'
[2.315s] INFO:colcon.colcon_core.shell:Creating environment descriptor '/home/zyx/restaurant_ws/install/restaurant_launch/share/restaurant_launch/hook/pythonpath.dsv'
[2.316s] INFO:colcon.colcon_core.shell:Creating environment hook '/home/zyx/restaurant_ws/install/restaurant_launch/share/restaurant_launch/hook/pythonpath.sh'
[2.317s] Level 1:colcon.colcon_core.environment:checking '/home/zyx/restaurant_ws/install/restaurant_launch/bin'
[2.317s] Level 1:colcon.colcon_core.environment:create_environment_scripts_only(restaurant_launch)
[2.317s] INFO:colcon.colcon_core.shell:Creating package script '/home/zyx/restaurant_ws/install/restaurant_launch/share/restaurant_launch/package.ps1'
[2.319s] INFO:colcon.colcon_core.shell:Creating package descriptor '/home/zyx/restaurant_ws/install/restaurant_launch/share/restaurant_launch/package.dsv'
[2.320s] INFO:colcon.colcon_core.shell:Creating package script '/home/zyx/restaurant_ws/install/restaurant_launch/share/restaurant_launch/package.sh'
[2.320s] INFO:colcon.colcon_core.shell:Creating package script '/home/zyx/restaurant_ws/install/restaurant_launch/share/restaurant_launch/package.bash'
[2.321s] INFO:colcon.colcon_core.shell:Creating package script '/home/zyx/restaurant_ws/install/restaurant_launch/share/restaurant_launch/package.zsh'
[2.322s] Level 1:colcon.colcon_core.environment:create_file_with_runtime_dependencies(/home/zyx/restaurant_ws/install/restaurant_launch/share/colcon-core/packages/restaurant_launch)
[2.412s] Level 1:colcon.colcon_core.environment:checking '/home/zyx/restaurant_ws/install/waiter_pkg' for CMake module files
[2.412s] DEBUG:colcon.colcon_core.event_handler.log_command:Invoked command in '/home/zyx/restaurant_ws/src/waiter_pkg' returned '0': PYTHONPATH=/home/zyx/restaurant_ws/build/waiter_pkg/prefix_override:/usr/lib/python3/dist-packages/colcon_core/task/python/colcon_distutils_commands:/home/zyx/restaurant_ws/install/waiter_pkg/lib/python3.10/site-packages:${PYTHONPATH} /usr/bin/python3 -W ignore:setup.py install is deprecated -W ignore:easy_install command is deprecated setup.py egg_info --egg-base ../../build/waiter_pkg build --build-base /home/zyx/restaurant_ws/build/waiter_pkg/build install --record /home/zyx/restaurant_ws/build/waiter_pkg/install.log --single-version-externally-managed install_data
[2.413s] Level 1:colcon.colcon_core.environment:checking '/home/zyx/restaurant_ws/install/waiter_pkg' for CMake config files
[2.414s] Level 1:colcon.colcon_core.environment:checking '/home/zyx/restaurant_ws/install/waiter_pkg/lib'
[2.414s] Level 1:colcon.colcon_core.environment:checking '/home/zyx/restaurant_ws/install/waiter_pkg/bin'
[2.414s] Level 1:colcon.colcon_core.environment:checking '/home/zyx/restaurant_ws/install/waiter_pkg/lib/pkgconfig/waiter_pkg.pc'
[2.414s] Level 1:colcon.colcon_core.environment:checking '/home/zyx/restaurant_ws/install/waiter_pkg/lib/python3.10/site-packages'
[2.414s] Level 1:colcon.colcon_core.shell:create_environment_hook('waiter_pkg', 'pythonpath')
[2.415s] INFO:colcon.colcon_core.shell:Creating environment hook '/home/zyx/restaurant_ws/install/waiter_pkg/share/waiter_pkg/hook/pythonpath.ps1'
[2.415s] INFO:colcon.colcon_core.shell:Creating environment descriptor '/home/zyx/restaurant_ws/install/waiter_pkg/share/waiter_pkg/hook/pythonpath.dsv'
[2.416s] INFO:colcon.colcon_core.shell:Creating environment hook '/home/zyx/restaurant_ws/install/waiter_pkg/share/waiter_pkg/hook/pythonpath.sh'
[2.417s] Level 1:colcon.colcon_core.environment:checking '/home/zyx/restaurant_ws/install/waiter_pkg/bin'
[2.417s] Level 1:colcon.colcon_core.environment:create_environment_scripts_only(waiter_pkg)
[2.417s] INFO:colcon.colcon_core.shell:Creating package script '/home/zyx/restaurant_ws/install/waiter_pkg/share/waiter_pkg/package.ps1'
[2.418s] INFO:colcon.colcon_core.shell:Creating package descriptor '/home/zyx/restaurant_ws/install/waiter_pkg/share/waiter_pkg/package.dsv'
[2.418s] INFO:colcon.colcon_core.shell:Creating package script '/home/zyx/restaurant_ws/install/waiter_pkg/share/waiter_pkg/package.sh'
[2.419s] INFO:colcon.colcon_core.shell:Creating package script '/home/zyx/restaurant_ws/install/waiter_pkg/share/waiter_pkg/package.bash'
[2.419s] INFO:colcon.colcon_core.shell:Creating package script '/home/zyx/restaurant_ws/install/waiter_pkg/share/waiter_pkg/package.zsh'
[2.420s] Level 1:colcon.colcon_core.environment:create_file_with_runtime_dependencies(/home/zyx/restaurant_ws/install/waiter_pkg/share/colcon-core/packages/waiter_pkg)
[2.424s] Level 1:colcon.colcon_core.environment:checking '/home/zyx/restaurant_ws/install/guest_pkg' for CMake module files
[2.425s] Level 1:colcon.colcon_core.environment:checking '/home/zyx/restaurant_ws/install/guest_pkg' for CMake config files
[2.425s] DEBUG:colcon.colcon_core.event_handler.log_command:Invoked command in '/home/zyx/restaurant_ws/src/guest_pkg' returned '0': PYTHONPATH=/home/zyx/restaurant_ws/build/guest_pkg/prefix_override:/usr/lib/python3/dist-packages/colcon_core/task/python/colcon_distutils_commands:/home/zyx/restaurant_ws/install/guest_pkg/lib/python3.10/site-packages:${PYTHONPATH} /usr/bin/python3 -W ignore:setup.py install is deprecated -W ignore:easy_install command is deprecated setup.py egg_info --egg-base ../../build/guest_pkg build --build-base /home/zyx/restaurant_ws/build/guest_pkg/build install --record /home/zyx/restaurant_ws/build/guest_pkg/install.log --single-version-externally-managed install_data
[2.426s] Level 1:colcon.colcon_core.environment:checking '/home/zyx/restaurant_ws/install/guest_pkg/lib'
[2.426s] Level 1:colcon.colcon_core.environment:checking '/home/zyx/restaurant_ws/install/guest_pkg/bin'
[2.426s] Level 1:colcon.colcon_core.environment:checking '/home/zyx/restaurant_ws/install/guest_pkg/lib/pkgconfig/guest_pkg.pc'
[2.426s] Level 1:colcon.colcon_core.environment:checking '/home/zyx/restaurant_ws/install/guest_pkg/lib/python3.10/site-packages'
[2.426s] Level 1:colcon.colcon_core.shell:create_environment_hook('guest_pkg', 'pythonpath')
[2.426s] INFO:colcon.colcon_core.shell:Creating environment hook '/home/zyx/restaurant_ws/install/guest_pkg/share/guest_pkg/hook/pythonpath.ps1'
[2.427s] INFO:colcon.colcon_core.shell:Creating environment descriptor '/home/zyx/restaurant_ws/install/guest_pkg/share/guest_pkg/hook/pythonpath.dsv'
[2.428s] INFO:colcon.colcon_core.shell:Creating environment hook '/home/zyx/restaurant_ws/install/guest_pkg/share/guest_pkg/hook/pythonpath.sh'
[2.428s] Level 1:colcon.colcon_core.environment:checking '/home/zyx/restaurant_ws/install/guest_pkg/bin'
[2.428s] Level 1:colcon.colcon_core.environment:create_environment_scripts_only(guest_pkg)
[2.428s] INFO:colcon.colcon_core.shell:Creating package script '/home/zyx/restaurant_ws/install/guest_pkg/share/guest_pkg/package.ps1'
[2.429s] INFO:colcon.colcon_core.shell:Creating package descriptor '/home/zyx/restaurant_ws/install/guest_pkg/share/guest_pkg/package.dsv'
[2.429s] INFO:colcon.colcon_core.shell:Creating package script '/home/zyx/restaurant_ws/install/guest_pkg/share/guest_pkg/package.sh'
[2.430s] INFO:colcon.colcon_core.shell:Creating package script '/home/zyx/restaurant_ws/install/guest_pkg/share/guest_pkg/package.bash'
[2.430s] INFO:colcon.colcon_core.shell:Creating package script '/home/zyx/restaurant_ws/install/guest_pkg/share/guest_pkg/package.zsh'
[2.431s] Level 1:colcon.colcon_core.environment:create_file_with_runtime_dependencies(/home/zyx/restaurant_ws/install/guest_pkg/share/colcon-core/packages/guest_pkg)
[2.432s] DEBUG:colcon.colcon_parallel_executor.executor.parallel:closing loop
[2.432s] DEBUG:colcon.colcon_parallel_executor.executor.parallel:loop closed
[2.432s] DEBUG:colcon.colcon_parallel_executor.executor.parallel:run_until_complete finished with '0'
[2.432s] DEBUG:colcon.colcon_core.event_reactor:joining thread
[2.439s] INFO:colcon.colcon_core.plugin_system:Skipping extension 'colcon_notification.desktop_notification.terminal_notifier': Not used on non-Darwin systems
[2.439s] INFO:colcon.colcon_core.plugin_system:Skipping extension 'colcon_notification.desktop_notification.win32': Not used on non-Windows systems
[2.439s] INFO:colcon.colcon_notification.desktop_notification:Sending desktop notification using 'notify2'
[2.456s] DEBUG:colcon.colcon_core.event_reactor:joined thread
[2.456s] INFO:colcon.colcon_core.shell:Creating prefix script '/home/zyx/restaurant_ws/install/local_setup.ps1'
[2.458s] INFO:colcon.colcon_core.shell:Creating prefix util module '/home/zyx/restaurant_ws/install/_local_setup_util_ps1.py'
[2.459s] INFO:colcon.colcon_core.shell:Creating prefix chain script '/home/zyx/restaurant_ws/install/setup.ps1'
[2.460s] INFO:colcon.colcon_core.shell:Creating prefix script '/home/zyx/restaurant_ws/install/local_setup.sh'
[2.461s] INFO:colcon.colcon_core.shell:Creating prefix util module '/home/zyx/restaurant_ws/install/_local_setup_util_sh.py'
[2.461s] INFO:colcon.colcon_core.shell:Creating prefix chain script '/home/zyx/restaurant_ws/install/setup.sh'
[2.462s] INFO:colcon.colcon_core.shell:Creating prefix script '/home/zyx/restaurant_ws/install/local_setup.bash'
[2.463s] INFO:colcon.colcon_core.shell:Creating prefix chain script '/home/zyx/restaurant_ws/install/setup.bash'
[2.464s] INFO:colcon.colcon_core.shell:Creating prefix script '/home/zyx/restaurant_ws/install/local_setup.zsh'
[2.465s] INFO:colcon.colcon_core.shell:Creating prefix chain script '/home/zyx/restaurant_ws/install/setup.zsh'
